<?xml version="1.0" encoding="UTF-8"?>
<testsuite xmlns:xsi="http://www.w3.org/2001/XMLSchema-instance" xsi:noNamespaceSchemaLocation="https://maven.apache.org/surefire/maven-surefire-plugin/xsd/surefire-test-report-3.0.xsd" version="3.0" name="testRunner.TestRunner" time="419.279" tests="14" errors="0" skipped="0" failures="3">
  <properties>
    <property name="java.specification.version" value="21"/>
    <property name="sun.cpu.isalist" value="amd64"/>
    <property name="sun.jnu.encoding" value="Cp1252"/>
    <property name="java.class.path" value="C:\Users\prade\Music\Appium Frameworks\ExcelCowork\target\test-classes;C:\Users\prade\Music\Appium Frameworks\ExcelCowork\target\classes;C:\Users\prade\.m2\repository\io\cucumber\cucumber-testng\7.24.0\cucumber-testng-7.24.0.jar;C:\Users\prade\.m2\repository\org\apiguardian\apiguardian-api\1.1.2\apiguardian-api-1.1.2.jar;C:\Users\prade\.m2\repository\io\cucumber\cucumber-core\7.24.0\cucumber-core-7.24.0.jar;C:\Users\prade\.m2\repository\io\cucumber\cucumber-gherkin\7.24.0\cucumber-gherkin-7.24.0.jar;C:\Users\prade\.m2\repository\io\cucumber\cucumber-gherkin-messages\7.24.0\cucumber-gherkin-messages-7.24.0.jar;C:\Users\prade\.m2\repository\io\cucumber\gherkin\33.0.0\gherkin-33.0.0.jar;C:\Users\prade\.m2\repository\io\cucumber\messages\28.0.0\messages-28.0.0.jar;C:\Users\prade\.m2\repository\io\cucumber\pretty-formatter\0.2.0\pretty-formatter-0.2.0.jar;C:\Users\prade\.m2\repository\io\cucumber\query\13.5.0\query-13.5.0.jar;C:\Users\prade\.m2\repository\io\cucumber\testng-xml-formatter\0.4.0\testng-xml-formatter-0.4.0.jar;C:\Users\prade\.m2\repository\io\cucumber\tag-expressions\6.1.2\tag-expressions-6.1.2.jar;C:\Users\prade\.m2\repository\io\cucumber\cucumber-expressions\18.0.1\cucumber-expressions-18.0.1.jar;C:\Users\prade\.m2\repository\io\cucumber\datatable\7.24.0\datatable-7.24.0.jar;C:\Users\prade\.m2\repository\io\cucumber\cucumber-plugin\7.24.0\cucumber-plugin-7.24.0.jar;C:\Users\prade\.m2\repository\io\cucumber\docstring\7.24.0\docstring-7.24.0.jar;C:\Users\prade\.m2\repository\io\cucumber\html-formatter\21.13.0\html-formatter-21.13.0.jar;C:\Users\prade\.m2\repository\io\cucumber\junit-xml-formatter\0.8.0\junit-xml-formatter-0.8.0.jar;C:\Users\prade\.m2\repository\io\cucumber\ci-environment\10.0.1\ci-environment-10.0.1.jar;C:\Users\prade\.m2\repository\org\testng\testng\7.11.0\testng-7.11.0.jar;C:\Users\prade\.m2\repository\org\jcommander\jcommander\1.83\jcommander-1.83.jar;C:\Users\prade\.m2\repository\org\webjars\jquery\3.7.1\jquery-3.7.1.jar;C:\Users\prade\.m2\repository\tech\grasshopper\extentreports-cucumber7-adapter\1.14.0\extentreports-cucumber7-adapter-1.14.0.jar;C:\Users\prade\.m2\repository\com\aventstack\extentreports\5.1.0\extentreports-5.1.0.jar;C:\Users\prade\.m2\repository\io\reactivex\rxjava3\rxjava\3.1.6\rxjava-3.1.6.jar;C:\Users\prade\.m2\repository\org\reactivestreams\reactive-streams\1.0.4\reactive-streams-1.0.4.jar;C:\Users\prade\.m2\repository\org\freemarker\freemarker\2.3.32\freemarker-2.3.32.jar;C:\Users\prade\.m2\repository\org\projectlombok\lombok\1.18.26\lombok-1.18.26.jar;C:\Users\prade\.m2\repository\tech\grasshopper\extent-pdf-report\2.12.0\extent-pdf-report-2.12.0.jar;C:\Users\prade\.m2\repository\tech\grasshopper\cucumber-pdf-report\2.14.0\cucumber-pdf-report-2.14.0.jar;C:\Users\prade\.m2\repository\org\apache\pdfbox\pdfbox\2.0.26\pdfbox-2.0.26.jar;C:\Users\prade\.m2\repository\org\apache\pdfbox\fontbox\2.0.26\fontbox-2.0.26.jar;C:\Users\prade\.m2\repository\org\knowm\xchart\xchart\3.8.0\xchart-3.8.0.jar;C:\Users\prade\.m2\repository\de\erichseifert\vectorgraphics2d\VectorGraphics2D\0.13\VectorGraphics2D-0.13.jar;C:\Users\prade\.m2\repository\de\rototor\pdfbox\graphics2d\0.30\graphics2d-0.30.jar;C:\Users\prade\.m2\repository\com\madgag\animated-gif-lib\1.4\animated-gif-lib-1.4.jar;C:\Users\prade\.m2\repository\org\yaml\snakeyaml\2.0\snakeyaml-2.0.jar;C:\Users\prade\.m2\repository\tech\grasshopper\table-layout\1.5.1\table-layout-1.5.1.jar;C:\Users\prade\.m2\repository\tech\grasshopper\rest-assured-cucumber-pdf-report\1.5.0\rest-assured-cucumber-pdf-report-1.5.0.jar;C:\Users\prade\.m2\repository\com\aventstack\klov-reporter\5.1.0\klov-reporter-5.1.0.jar;C:\Users\prade\.m2\repository\org\mongodb\mongodb-driver\3.6.4\mongodb-driver-3.6.4.jar;C:\Users\prade\.m2\repository\org\mongodb\mongodb-driver-core\3.6.4\mongodb-driver-core-3.6.4.jar;C:\Users\prade\.m2\repository\org\mongodb\bson\3.6.4\bson-3.6.4.jar;C:\Users\prade\.m2\repository\org\apache\httpcomponents\httpclient\4.5.13\httpclient-4.5.13.jar;C:\Users\prade\.m2\repository\org\apache\httpcomponents\httpcore\4.4.13\httpcore-4.4.13.jar;C:\Users\prade\.m2\repository\commons-logging\commons-logging\1.2\commons-logging-1.2.jar;C:\Users\prade\.m2\repository\commons-codec\commons-codec\1.11\commons-codec-1.11.jar;C:\Users\prade\.m2\repository\org\apache\httpcomponents\httpmime\4.5.13\httpmime-4.5.13.jar;C:\Users\prade\.m2\repository\tech\grasshopper\htmlextentreporter\1.1.0\htmlextentreporter-1.1.0.jar;C:\Users\prade\.m2\repository\tech\grasshopper\extent-excel-report\1.4.0\extent-excel-report-1.4.0.jar;C:\Users\prade\.m2\repository\org\apache\poi\poi\5.2.3\poi-5.2.3.jar;C:\Users\prade\.m2\repository\org\apache\commons\commons-collections4\4.4\commons-collections4-4.4.jar;C:\Users\prade\.m2\repository\org\apache\commons\commons-math3\3.6.1\commons-math3-3.6.1.jar;C:\Users\prade\.m2\repository\com\zaxxer\SparseBitSet\1.2\SparseBitSet-1.2.jar;C:\Users\prade\.m2\repository\org\apache\logging\log4j\log4j-api\2.18.0\log4j-api-2.18.0.jar;C:\Users\prade\.m2\repository\org\apache\poi\poi-ooxml\5.2.3\poi-ooxml-5.2.3.jar;C:\Users\prade\.m2\repository\org\apache\poi\poi-ooxml-lite\5.2.3\poi-ooxml-lite-5.2.3.jar;C:\Users\prade\.m2\repository\org\apache\xmlbeans\xmlbeans\5.1.1\xmlbeans-5.1.1.jar;C:\Users\prade\.m2\repository\org\apache\commons\commons-compress\1.21\commons-compress-1.21.jar;C:\Users\prade\.m2\repository\com\github\virtuald\curvesapi\1.07\curvesapi-1.07.jar;C:\Users\prade\.m2\repository\net\java\dev\jna\jna\5.13.0\jna-5.13.0.jar;C:\Users\prade\.m2\repository\io\appium\java-client\9.5.0\java-client-9.5.0.jar;C:\Users\prade\.m2\repository\org\seleniumhq\selenium\selenium-api\4.34.0\selenium-api-4.34.0.jar;C:\Users\prade\.m2\repository\org\seleniumhq\selenium\selenium-remote-driver\4.34.0\selenium-remote-driver-4.34.0.jar;C:\Users\prade\.m2\repository\com\google\auto\service\auto-service-annotations\1.1.1\auto-service-annotations-1.1.1.jar;C:\Users\prade\.m2\repository\com\google\guava\guava\33.4.8-jre\guava-33.4.8-jre.jar;C:\Users\prade\.m2\repository\com\google\guava\failureaccess\1.0.3\failureaccess-1.0.3.jar;C:\Users\prade\.m2\repository\com\google\guava\listenablefuture\9999.0-empty-to-avoid-conflict-with-guava\listenablefuture-9999.0-empty-to-avoid-conflict-with-guava.jar;C:\Users\prade\.m2\repository\com\google\j2objc\j2objc-annotations\3.0.0\j2objc-annotations-3.0.0.jar;C:\Users\prade\.m2\repository\io\opentelemetry\opentelemetry-api\1.51.0\opentelemetry-api-1.51.0.jar;C:\Users\prade\.m2\repository\io\opentelemetry\opentelemetry-context\1.51.0\opentelemetry-context-1.51.0.jar;C:\Users\prade\.m2\repository\io\opentelemetry\opentelemetry-exporter-logging\1.51.0\opentelemetry-exporter-logging-1.51.0.jar;C:\Users\prade\.m2\repository\io\opentelemetry\opentelemetry-sdk-common\1.51.0\opentelemetry-sdk-common-1.51.0.jar;C:\Users\prade\.m2\repository\io\opentelemetry\opentelemetry-sdk-extension-autoconfigure-spi\1.51.0\opentelemetry-sdk-extension-autoconfigure-spi-1.51.0.jar;C:\Users\prade\.m2\repository\io\opentelemetry\opentelemetry-sdk-extension-autoconfigure\1.51.0\opentelemetry-sdk-extension-autoconfigure-1.51.0.jar;C:\Users\prade\.m2\repository\io\opentelemetry\opentelemetry-sdk-trace\1.51.0\opentelemetry-sdk-trace-1.51.0.jar;C:\Users\prade\.m2\repository\io\opentelemetry\opentelemetry-sdk\1.51.0\opentelemetry-sdk-1.51.0.jar;C:\Users\prade\.m2\repository\io\opentelemetry\opentelemetry-sdk-metrics\1.51.0\opentelemetry-sdk-metrics-1.51.0.jar;C:\Users\prade\.m2\repository\io\opentelemetry\opentelemetry-sdk-logs\1.51.0\opentelemetry-sdk-logs-1.51.0.jar;C:\Users\prade\.m2\repository\net\bytebuddy\byte-buddy\1.17.6\byte-buddy-1.17.6.jar;C:\Users\prade\.m2\repository\org\seleniumhq\selenium\selenium-http\4.34.0\selenium-http-4.34.0.jar;C:\Users\prade\.m2\repository\org\seleniumhq\selenium\selenium-json\4.34.0\selenium-json-4.34.0.jar;C:\Users\prade\.m2\repository\org\seleniumhq\selenium\selenium-manager\4.34.0\selenium-manager-4.34.0.jar;C:\Users\prade\.m2\repository\org\seleniumhq\selenium\selenium-os\4.34.0\selenium-os-4.34.0.jar;C:\Users\prade\.m2\repository\org\apache\commons\commons-exec\1.5.0\commons-exec-1.5.0.jar;C:\Users\prade\.m2\repository\org\seleniumhq\selenium\selenium-support\4.34.0\selenium-support-4.34.0.jar;C:\Users\prade\.m2\repository\com\google\code\gson\gson\2.13.1\gson-2.13.1.jar;C:\Users\prade\.m2\repository\com\google\errorprone\error_prone_annotations\2.38.0\error_prone_annotations-2.38.0.jar;C:\Users\prade\.m2\repository\org\slf4j\slf4j-api\2.0.17\slf4j-api-2.0.17.jar;C:\Users\prade\.m2\repository\org\jspecify\jspecify\1.0.0\jspecify-1.0.0.jar;C:\Users\prade\.m2\repository\org\slf4j\slf4j-simple\2.0.9\slf4j-simple-2.0.9.jar;C:\Users\prade\.m2\repository\org\seleniumhq\selenium\selenium-java\4.21.0\selenium-java-4.21.0.jar;C:\Users\prade\.m2\repository\org\seleniumhq\selenium\selenium-chrome-driver\4.21.0\selenium-chrome-driver-4.21.0.jar;C:\Users\prade\.m2\repository\org\seleniumhq\selenium\selenium-chromium-driver\4.21.0\selenium-chromium-driver-4.21.0.jar;C:\Users\prade\.m2\repository\org\seleniumhq\selenium\selenium-devtools-v123\4.21.0\selenium-devtools-v123-4.21.0.jar;C:\Users\prade\.m2\repository\org\seleniumhq\selenium\selenium-devtools-v124\4.21.0\selenium-devtools-v124-4.21.0.jar;C:\Users\prade\.m2\repository\org\seleniumhq\selenium\selenium-devtools-v125\4.21.0\selenium-devtools-v125-4.21.0.jar;C:\Users\prade\.m2\repository\org\seleniumhq\selenium\selenium-devtools-v85\4.21.0\selenium-devtools-v85-4.21.0.jar;C:\Users\prade\.m2\repository\org\seleniumhq\selenium\selenium-edge-driver\4.21.0\selenium-edge-driver-4.21.0.jar;C:\Users\prade\.m2\repository\org\seleniumhq\selenium\selenium-firefox-driver\4.21.0\selenium-firefox-driver-4.21.0.jar;C:\Users\prade\.m2\repository\org\seleniumhq\selenium\selenium-ie-driver\4.21.0\selenium-ie-driver-4.21.0.jar;C:\Users\prade\.m2\repository\org\seleniumhq\selenium\selenium-safari-driver\4.21.0\selenium-safari-driver-4.21.0.jar;C:\Users\prade\.m2\repository\io\cucumber\cucumber-java\7.24.0\cucumber-java-7.24.0.jar;C:\Users\prade\.m2\repository\io\cucumber\cucumber-junit\7.24.0\cucumber-junit-7.24.0.jar;C:\Users\prade\.m2\repository\io\cucumber\cucumber-picocontainer\7.24.0\cucumber-picocontainer-7.24.0.jar;C:\Users\prade\.m2\repository\org\picocontainer\picocontainer\2.15.2\picocontainer-2.15.2.jar;C:\Users\prade\.m2\repository\junit\junit\4.13.2\junit-4.13.2.jar;C:\Users\prade\.m2\repository\org\hamcrest\hamcrest-core\1.3\hamcrest-core-1.3.jar;C:\Users\prade\.m2\repository\net\masterthought\cucumber-reporting\5.8.4\cucumber-reporting-5.8.4.jar;C:\Users\prade\.m2\repository\com\fasterxml\jackson\core\jackson-databind\2.18.1\jackson-databind-2.18.1.jar;C:\Users\prade\.m2\repository\com\fasterxml\jackson\core\jackson-annotations\2.18.1\jackson-annotations-2.18.1.jar;C:\Users\prade\.m2\repository\com\fasterxml\jackson\core\jackson-core\2.18.1\jackson-core-2.18.1.jar;C:\Users\prade\.m2\repository\com\fasterxml\jackson\datatype\jackson-datatype-jsr310\2.18.1\jackson-datatype-jsr310-2.18.1.jar;C:\Users\prade\.m2\repository\org\apache\velocity\velocity-engine-core\2.4.1\velocity-engine-core-2.4.1.jar;C:\Users\prade\.m2\repository\joda-time\joda-time\2.13.0\joda-time-2.13.0.jar;C:\Users\prade\.m2\repository\org\apache\commons\commons-configuration2\2.11.0\commons-configuration2-2.11.0.jar;C:\Users\prade\.m2\repository\org\apache\commons\commons-lang3\3.17.0\commons-lang3-3.17.0.jar;C:\Users\prade\.m2\repository\commons-io\commons-io\2.17.0\commons-io-2.17.0.jar;C:\Users\prade\.m2\repository\org\apache\commons\commons-text\1.12.0\commons-text-1.12.0.jar;C:\Users\prade\.m2\repository\org\jsoup\jsoup\1.18.1\jsoup-1.18.1.jar;C:\Users\prade\.m2\repository\com\googlecode\owasp-java-html-sanitizer\owasp-java-html-sanitizer\20240325.1\owasp-java-html-sanitizer-20240325.1.jar;C:\Users\prade\.m2\repository\com\googlecode\owasp-java-html-sanitizer\java8-shim\20240325.1\java8-shim-20240325.1.jar;C:\Users\prade\.m2\repository\com\googlecode\owasp-java-html-sanitizer\java10-shim\20240325.1\java10-shim-20240325.1.jar;C:\Users\prade\.m2\repository\org\slf4j\jcl-over-slf4j\2.0.16\jcl-over-slf4j-2.0.16.jar;"/>
    <property name="java.vm.vendor" value="Oracle Corporation"/>
    <property name="sun.arch.data.model" value="64"/>
    <property name="user.variant" value=""/>
    <property name="java.vendor.url" value="https://java.oracle.com/"/>
    <property name="user.timezone" value="Asia/Calcutta"/>
    <property name="os.name" value="Windows 11"/>
    <property name="java.vm.specification.version" value="21"/>
    <property name="sun.java.launcher" value="SUN_STANDARD"/>
    <property name="user.country" value="IN"/>
    <property name="sun.boot.library.path" value="C:\Program Files\Java\jdk-21\bin"/>
    <property name="sun.java.command" value="C:\Users\prade\AppData\Local\Temp\surefire12158127750634744728\surefirebooter-20250718074829698_3.jar C:\Users\prade\AppData\Local\Temp\surefire12158127750634744728 2025-07-18T07-48-29_568-jvmRun1 surefire-20250718074829698_1tmp surefire_0-20250718074829698_2tmp"/>
    <property name="jdk.debug" value="release"/>
    <property name="surefire.test.class.path" value="C:\Users\prade\Music\Appium Frameworks\ExcelCowork\target\test-classes;C:\Users\prade\Music\Appium Frameworks\ExcelCowork\target\classes;C:\Users\prade\.m2\repository\io\cucumber\cucumber-testng\7.24.0\cucumber-testng-7.24.0.jar;C:\Users\prade\.m2\repository\org\apiguardian\apiguardian-api\1.1.2\apiguardian-api-1.1.2.jar;C:\Users\prade\.m2\repository\io\cucumber\cucumber-core\7.24.0\cucumber-core-7.24.0.jar;C:\Users\prade\.m2\repository\io\cucumber\cucumber-gherkin\7.24.0\cucumber-gherkin-7.24.0.jar;C:\Users\prade\.m2\repository\io\cucumber\cucumber-gherkin-messages\7.24.0\cucumber-gherkin-messages-7.24.0.jar;C:\Users\prade\.m2\repository\io\cucumber\gherkin\33.0.0\gherkin-33.0.0.jar;C:\Users\prade\.m2\repository\io\cucumber\messages\28.0.0\messages-28.0.0.jar;C:\Users\prade\.m2\repository\io\cucumber\pretty-formatter\0.2.0\pretty-formatter-0.2.0.jar;C:\Users\prade\.m2\repository\io\cucumber\query\13.5.0\query-13.5.0.jar;C:\Users\prade\.m2\repository\io\cucumber\testng-xml-formatter\0.4.0\testng-xml-formatter-0.4.0.jar;C:\Users\prade\.m2\repository\io\cucumber\tag-expressions\6.1.2\tag-expressions-6.1.2.jar;C:\Users\prade\.m2\repository\io\cucumber\cucumber-expressions\18.0.1\cucumber-expressions-18.0.1.jar;C:\Users\prade\.m2\repository\io\cucumber\datatable\7.24.0\datatable-7.24.0.jar;C:\Users\prade\.m2\repository\io\cucumber\cucumber-plugin\7.24.0\cucumber-plugin-7.24.0.jar;C:\Users\prade\.m2\repository\io\cucumber\docstring\7.24.0\docstring-7.24.0.jar;C:\Users\prade\.m2\repository\io\cucumber\html-formatter\21.13.0\html-formatter-21.13.0.jar;C:\Users\prade\.m2\repository\io\cucumber\junit-xml-formatter\0.8.0\junit-xml-formatter-0.8.0.jar;C:\Users\prade\.m2\repository\io\cucumber\ci-environment\10.0.1\ci-environment-10.0.1.jar;C:\Users\prade\.m2\repository\org\testng\testng\7.11.0\testng-7.11.0.jar;C:\Users\prade\.m2\repository\org\jcommander\jcommander\1.83\jcommander-1.83.jar;C:\Users\prade\.m2\repository\org\webjars\jquery\3.7.1\jquery-3.7.1.jar;C:\Users\prade\.m2\repository\tech\grasshopper\extentreports-cucumber7-adapter\1.14.0\extentreports-cucumber7-adapter-1.14.0.jar;C:\Users\prade\.m2\repository\com\aventstack\extentreports\5.1.0\extentreports-5.1.0.jar;C:\Users\prade\.m2\repository\io\reactivex\rxjava3\rxjava\3.1.6\rxjava-3.1.6.jar;C:\Users\prade\.m2\repository\org\reactivestreams\reactive-streams\1.0.4\reactive-streams-1.0.4.jar;C:\Users\prade\.m2\repository\org\freemarker\freemarker\2.3.32\freemarker-2.3.32.jar;C:\Users\prade\.m2\repository\org\projectlombok\lombok\1.18.26\lombok-1.18.26.jar;C:\Users\prade\.m2\repository\tech\grasshopper\extent-pdf-report\2.12.0\extent-pdf-report-2.12.0.jar;C:\Users\prade\.m2\repository\tech\grasshopper\cucumber-pdf-report\2.14.0\cucumber-pdf-report-2.14.0.jar;C:\Users\prade\.m2\repository\org\apache\pdfbox\pdfbox\2.0.26\pdfbox-2.0.26.jar;C:\Users\prade\.m2\repository\org\apache\pdfbox\fontbox\2.0.26\fontbox-2.0.26.jar;C:\Users\prade\.m2\repository\org\knowm\xchart\xchart\3.8.0\xchart-3.8.0.jar;C:\Users\prade\.m2\repository\de\erichseifert\vectorgraphics2d\VectorGraphics2D\0.13\VectorGraphics2D-0.13.jar;C:\Users\prade\.m2\repository\de\rototor\pdfbox\graphics2d\0.30\graphics2d-0.30.jar;C:\Users\prade\.m2\repository\com\madgag\animated-gif-lib\1.4\animated-gif-lib-1.4.jar;C:\Users\prade\.m2\repository\org\yaml\snakeyaml\2.0\snakeyaml-2.0.jar;C:\Users\prade\.m2\repository\tech\grasshopper\table-layout\1.5.1\table-layout-1.5.1.jar;C:\Users\prade\.m2\repository\tech\grasshopper\rest-assured-cucumber-pdf-report\1.5.0\rest-assured-cucumber-pdf-report-1.5.0.jar;C:\Users\prade\.m2\repository\com\aventstack\klov-reporter\5.1.0\klov-reporter-5.1.0.jar;C:\Users\prade\.m2\repository\org\mongodb\mongodb-driver\3.6.4\mongodb-driver-3.6.4.jar;C:\Users\prade\.m2\repository\org\mongodb\mongodb-driver-core\3.6.4\mongodb-driver-core-3.6.4.jar;C:\Users\prade\.m2\repository\org\mongodb\bson\3.6.4\bson-3.6.4.jar;C:\Users\prade\.m2\repository\org\apache\httpcomponents\httpclient\4.5.13\httpclient-4.5.13.jar;C:\Users\prade\.m2\repository\org\apache\httpcomponents\httpcore\4.4.13\httpcore-4.4.13.jar;C:\Users\prade\.m2\repository\commons-logging\commons-logging\1.2\commons-logging-1.2.jar;C:\Users\prade\.m2\repository\commons-codec\commons-codec\1.11\commons-codec-1.11.jar;C:\Users\prade\.m2\repository\org\apache\httpcomponents\httpmime\4.5.13\httpmime-4.5.13.jar;C:\Users\prade\.m2\repository\tech\grasshopper\htmlextentreporter\1.1.0\htmlextentreporter-1.1.0.jar;C:\Users\prade\.m2\repository\tech\grasshopper\extent-excel-report\1.4.0\extent-excel-report-1.4.0.jar;C:\Users\prade\.m2\repository\org\apache\poi\poi\5.2.3\poi-5.2.3.jar;C:\Users\prade\.m2\repository\org\apache\commons\commons-collections4\4.4\commons-collections4-4.4.jar;C:\Users\prade\.m2\repository\org\apache\commons\commons-math3\3.6.1\commons-math3-3.6.1.jar;C:\Users\prade\.m2\repository\com\zaxxer\SparseBitSet\1.2\SparseBitSet-1.2.jar;C:\Users\prade\.m2\repository\org\apache\logging\log4j\log4j-api\2.18.0\log4j-api-2.18.0.jar;C:\Users\prade\.m2\repository\org\apache\poi\poi-ooxml\5.2.3\poi-ooxml-5.2.3.jar;C:\Users\prade\.m2\repository\org\apache\poi\poi-ooxml-lite\5.2.3\poi-ooxml-lite-5.2.3.jar;C:\Users\prade\.m2\repository\org\apache\xmlbeans\xmlbeans\5.1.1\xmlbeans-5.1.1.jar;C:\Users\prade\.m2\repository\org\apache\commons\commons-compress\1.21\commons-compress-1.21.jar;C:\Users\prade\.m2\repository\com\github\virtuald\curvesapi\1.07\curvesapi-1.07.jar;C:\Users\prade\.m2\repository\net\java\dev\jna\jna\5.13.0\jna-5.13.0.jar;C:\Users\prade\.m2\repository\io\appium\java-client\9.5.0\java-client-9.5.0.jar;C:\Users\prade\.m2\repository\org\seleniumhq\selenium\selenium-api\4.34.0\selenium-api-4.34.0.jar;C:\Users\prade\.m2\repository\org\seleniumhq\selenium\selenium-remote-driver\4.34.0\selenium-remote-driver-4.34.0.jar;C:\Users\prade\.m2\repository\com\google\auto\service\auto-service-annotations\1.1.1\auto-service-annotations-1.1.1.jar;C:\Users\prade\.m2\repository\com\google\guava\guava\33.4.8-jre\guava-33.4.8-jre.jar;C:\Users\prade\.m2\repository\com\google\guava\failureaccess\1.0.3\failureaccess-1.0.3.jar;C:\Users\prade\.m2\repository\com\google\guava\listenablefuture\9999.0-empty-to-avoid-conflict-with-guava\listenablefuture-9999.0-empty-to-avoid-conflict-with-guava.jar;C:\Users\prade\.m2\repository\com\google\j2objc\j2objc-annotations\3.0.0\j2objc-annotations-3.0.0.jar;C:\Users\prade\.m2\repository\io\opentelemetry\opentelemetry-api\1.51.0\opentelemetry-api-1.51.0.jar;C:\Users\prade\.m2\repository\io\opentelemetry\opentelemetry-context\1.51.0\opentelemetry-context-1.51.0.jar;C:\Users\prade\.m2\repository\io\opentelemetry\opentelemetry-exporter-logging\1.51.0\opentelemetry-exporter-logging-1.51.0.jar;C:\Users\prade\.m2\repository\io\opentelemetry\opentelemetry-sdk-common\1.51.0\opentelemetry-sdk-common-1.51.0.jar;C:\Users\prade\.m2\repository\io\opentelemetry\opentelemetry-sdk-extension-autoconfigure-spi\1.51.0\opentelemetry-sdk-extension-autoconfigure-spi-1.51.0.jar;C:\Users\prade\.m2\repository\io\opentelemetry\opentelemetry-sdk-extension-autoconfigure\1.51.0\opentelemetry-sdk-extension-autoconfigure-1.51.0.jar;C:\Users\prade\.m2\repository\io\opentelemetry\opentelemetry-sdk-trace\1.51.0\opentelemetry-sdk-trace-1.51.0.jar;C:\Users\prade\.m2\repository\io\opentelemetry\opentelemetry-sdk\1.51.0\opentelemetry-sdk-1.51.0.jar;C:\Users\prade\.m2\repository\io\opentelemetry\opentelemetry-sdk-metrics\1.51.0\opentelemetry-sdk-metrics-1.51.0.jar;C:\Users\prade\.m2\repository\io\opentelemetry\opentelemetry-sdk-logs\1.51.0\opentelemetry-sdk-logs-1.51.0.jar;C:\Users\prade\.m2\repository\net\bytebuddy\byte-buddy\1.17.6\byte-buddy-1.17.6.jar;C:\Users\prade\.m2\repository\org\seleniumhq\selenium\selenium-http\4.34.0\selenium-http-4.34.0.jar;C:\Users\prade\.m2\repository\org\seleniumhq\selenium\selenium-json\4.34.0\selenium-json-4.34.0.jar;C:\Users\prade\.m2\repository\org\seleniumhq\selenium\selenium-manager\4.34.0\selenium-manager-4.34.0.jar;C:\Users\prade\.m2\repository\org\seleniumhq\selenium\selenium-os\4.34.0\selenium-os-4.34.0.jar;C:\Users\prade\.m2\repository\org\apache\commons\commons-exec\1.5.0\commons-exec-1.5.0.jar;C:\Users\prade\.m2\repository\org\seleniumhq\selenium\selenium-support\4.34.0\selenium-support-4.34.0.jar;C:\Users\prade\.m2\repository\com\google\code\gson\gson\2.13.1\gson-2.13.1.jar;C:\Users\prade\.m2\repository\com\google\errorprone\error_prone_annotations\2.38.0\error_prone_annotations-2.38.0.jar;C:\Users\prade\.m2\repository\org\slf4j\slf4j-api\2.0.17\slf4j-api-2.0.17.jar;C:\Users\prade\.m2\repository\org\jspecify\jspecify\1.0.0\jspecify-1.0.0.jar;C:\Users\prade\.m2\repository\org\slf4j\slf4j-simple\2.0.9\slf4j-simple-2.0.9.jar;C:\Users\prade\.m2\repository\org\seleniumhq\selenium\selenium-java\4.21.0\selenium-java-4.21.0.jar;C:\Users\prade\.m2\repository\org\seleniumhq\selenium\selenium-chrome-driver\4.21.0\selenium-chrome-driver-4.21.0.jar;C:\Users\prade\.m2\repository\org\seleniumhq\selenium\selenium-chromium-driver\4.21.0\selenium-chromium-driver-4.21.0.jar;C:\Users\prade\.m2\repository\org\seleniumhq\selenium\selenium-devtools-v123\4.21.0\selenium-devtools-v123-4.21.0.jar;C:\Users\prade\.m2\repository\org\seleniumhq\selenium\selenium-devtools-v124\4.21.0\selenium-devtools-v124-4.21.0.jar;C:\Users\prade\.m2\repository\org\seleniumhq\selenium\selenium-devtools-v125\4.21.0\selenium-devtools-v125-4.21.0.jar;C:\Users\prade\.m2\repository\org\seleniumhq\selenium\selenium-devtools-v85\4.21.0\selenium-devtools-v85-4.21.0.jar;C:\Users\prade\.m2\repository\org\seleniumhq\selenium\selenium-edge-driver\4.21.0\selenium-edge-driver-4.21.0.jar;C:\Users\prade\.m2\repository\org\seleniumhq\selenium\selenium-firefox-driver\4.21.0\selenium-firefox-driver-4.21.0.jar;C:\Users\prade\.m2\repository\org\seleniumhq\selenium\selenium-ie-driver\4.21.0\selenium-ie-driver-4.21.0.jar;C:\Users\prade\.m2\repository\org\seleniumhq\selenium\selenium-safari-driver\4.21.0\selenium-safari-driver-4.21.0.jar;C:\Users\prade\.m2\repository\io\cucumber\cucumber-java\7.24.0\cucumber-java-7.24.0.jar;C:\Users\prade\.m2\repository\io\cucumber\cucumber-junit\7.24.0\cucumber-junit-7.24.0.jar;C:\Users\prade\.m2\repository\io\cucumber\cucumber-picocontainer\7.24.0\cucumber-picocontainer-7.24.0.jar;C:\Users\prade\.m2\repository\org\picocontainer\picocontainer\2.15.2\picocontainer-2.15.2.jar;C:\Users\prade\.m2\repository\junit\junit\4.13.2\junit-4.13.2.jar;C:\Users\prade\.m2\repository\org\hamcrest\hamcrest-core\1.3\hamcrest-core-1.3.jar;C:\Users\prade\.m2\repository\net\masterthought\cucumber-reporting\5.8.4\cucumber-reporting-5.8.4.jar;C:\Users\prade\.m2\repository\com\fasterxml\jackson\core\jackson-databind\2.18.1\jackson-databind-2.18.1.jar;C:\Users\prade\.m2\repository\com\fasterxml\jackson\core\jackson-annotations\2.18.1\jackson-annotations-2.18.1.jar;C:\Users\prade\.m2\repository\com\fasterxml\jackson\core\jackson-core\2.18.1\jackson-core-2.18.1.jar;C:\Users\prade\.m2\repository\com\fasterxml\jackson\datatype\jackson-datatype-jsr310\2.18.1\jackson-datatype-jsr310-2.18.1.jar;C:\Users\prade\.m2\repository\org\apache\velocity\velocity-engine-core\2.4.1\velocity-engine-core-2.4.1.jar;C:\Users\prade\.m2\repository\joda-time\joda-time\2.13.0\joda-time-2.13.0.jar;C:\Users\prade\.m2\repository\org\apache\commons\commons-configuration2\2.11.0\commons-configuration2-2.11.0.jar;C:\Users\prade\.m2\repository\org\apache\commons\commons-lang3\3.17.0\commons-lang3-3.17.0.jar;C:\Users\prade\.m2\repository\commons-io\commons-io\2.17.0\commons-io-2.17.0.jar;C:\Users\prade\.m2\repository\org\apache\commons\commons-text\1.12.0\commons-text-1.12.0.jar;C:\Users\prade\.m2\repository\org\jsoup\jsoup\1.18.1\jsoup-1.18.1.jar;C:\Users\prade\.m2\repository\com\googlecode\owasp-java-html-sanitizer\owasp-java-html-sanitizer\20240325.1\owasp-java-html-sanitizer-20240325.1.jar;C:\Users\prade\.m2\repository\com\googlecode\owasp-java-html-sanitizer\java8-shim\20240325.1\java8-shim-20240325.1.jar;C:\Users\prade\.m2\repository\com\googlecode\owasp-java-html-sanitizer\java10-shim\20240325.1\java10-shim-20240325.1.jar;C:\Users\prade\.m2\repository\org\slf4j\jcl-over-slf4j\2.0.16\jcl-over-slf4j-2.0.16.jar;"/>
    <property name="sun.cpu.endian" value="little"/>
    <property name="user.home" value="C:\Users\prade"/>
    <property name="user.language" value="en"/>
    <property name="java.specification.vendor" value="Oracle Corporation"/>
    <property name="java.version.date" value="2025-04-15"/>
    <property name="java.home" value="C:\Program Files\Java\jdk-21"/>
    <property name="file.separator" value="\"/>
    <property name="basedir" value="C:\Users\prade\Music\Appium Frameworks\ExcelCowork"/>
    <property name="java.vm.compressedOopsMode" value="Zero based"/>
    <property name="line.separator" value="&#10;"/>
    <property name="java.vm.specification.vendor" value="Oracle Corporation"/>
    <property name="java.specification.name" value="Java Platform API Specification"/>
    <property name="surefire.real.class.path" value="C:\Users\prade\AppData\Local\Temp\surefire12158127750634744728\surefirebooter-20250718074829698_3.jar"/>
    <property name="user.script" value=""/>
    <property name="sun.management.compiler" value="HotSpot 64-Bit Tiered Compilers"/>
    <property name="java.runtime.version" value="21.0.7+8-LTS-245"/>
    <property name="user.name" value="prade"/>
    <property name="stdout.encoding" value="Cp1252"/>
    <property name="path.separator" value=";"/>
    <property name="os.version" value="10.0"/>
    <property name="java.runtime.name" value="Java(TM) SE Runtime Environment"/>
    <property name="file.encoding" value="UTF-8"/>
    <property name="java.vm.name" value="Java HotSpot(TM) 64-Bit Server VM"/>
    <property name="localRepository" value="C:\Users\prade\.m2\repository"/>
    <property name="java.vendor.url.bug" value="https://bugreport.java.com/bugreport/"/>
    <property name="java.io.tmpdir" value="C:\Users\prade\AppData\Local\Temp\"/>
    <property name="java.version" value="21.0.7"/>
    <property name="user.dir" value="C:\Users\prade\Music\Appium Frameworks\ExcelCowork"/>
    <property name="os.arch" value="amd64"/>
    <property name="java.vm.specification.name" value="Java Virtual Machine Specification"/>
    <property name="sun.os.patch.level" value=""/>
    <property name="native.encoding" value="Cp1252"/>
    <property name="java.library.path" value="C:\Program Files\Java\jdk-21\bin;C:\WINDOWS\Sun\Java\bin;C:\WINDOWS\system32;C:\WINDOWS;C:\Program Files\Java\jdk-21\bin;C:\Program Files\Common Files\Oracle\Java\javapath;C:\Oracle_Software\WINDOWS.X64_193000_db_home\bin;C:\WINDOWS\system32;C:\WINDOWS;C:\WINDOWS\System32\Wbem;C:\WINDOWS\System32\WindowsPowerShell\v1.0\;C:\WINDOWS\System32\OpenSSH\;C:\ProgramData\chocolatey\bin;;C:\Program Files\nodejs;C:\Program Files\nodejs;C:\Program Files\nodejs\;C:\Program Files\MySQL\MySQL Server 8.0\bin;C:\Users\prade\AppData\Local\Android\Sdk\platform-tools;C:\Users\prade\AppData\Local\Android\Sdk\cmdline-tools;%MAVEN_HOME%\bin;C:\Selenium;%M2_HOME%\bin;C:\Users\prade\AppData\Local\Android\Sdk\tools\bin;C:\Users\prade\AppData\Local\Android\Sdk\tools;C:\Program Files\nodejs\node_modules;C:\Program Files\nodejs\node_modules\npm;C:\Program Files\nodejs\node_modules\npm\bin;C:\Program Files\Maven\apache-maven-3.9.10\bin;C:\Program Files\Maven\apache-maven-3.9.10;C:\Program Files\Git\cmd;C:\Program Files\Docker\Docker\resources\bin;C:\Program Files\MySQL\MySQL Shell 8.0\bin\;C:\Program Files\Java\jdk1.8.0_202\bin;C:\Users\prade\AppData\Local\Microsoft\WindowsApps;C:\Users\prade\AppData\Roaming\nvm;C:\Program Files\nodejs;C:\Users\prade\AppData\Roaming\npm;C:\Program Files\MySQL\MySQL Server 8.0\bin;C:\Users\prade\AppData\Local\Programs\Microsoft VS Code\bin;C:\Platform-tools\platform-tool\platform-tools;C:\Program Files\JetBrains\PyCharm 2023.3.5\bin;;C:\Users\prade\Downloads\New folder (3)\apache-maven-3.9.6-bin\apache-maven-3.9.6;C:\Users\prade\AppData\Local\GitHubDesktop\bin;."/>
    <property name="java.vm.info" value="mixed mode, sharing"/>
    <property name="stderr.encoding" value="Cp1252"/>
    <property name="java.vendor" value="Oracle Corporation"/>
    <property name="java.vm.version" value="21.0.7+8-LTS-245"/>
    <property name="sun.io.unicode.encoding" value="UnicodeLittle"/>
    <property name="java.class.version" value="65.0"/>
  </properties>
  <testcase name="runScenario[&quot;Login with Valid Credentials&quot;, &quot;Login Functionality&quot;](1)" classname="testRunner.TestRunner" time="31.808">
    <system-out><![CDATA[
Scenario: Login with Valid Credentials # file:///C:/Users/prade/Music/Appium%20Frameworks/ExcelCowork/src/test/resources/features/1_LoginScenario.feature:3
  Given User is on login page          # stepDefinitions.common.CommonSteps.user_is_on_login_page()
  When User enters valid credentials   # stepDefinitions.common.CommonSteps.user_enters_valid_credentials()
  Then User tap on the login button    # stepDefinitions.common.CommonSteps.User_tap_on_the_login_button()
]]></system-out>
  </testcase>
  <testcase name="runScenario[&quot;Login with Valid Credentials&quot;, &quot;Login Functionality&quot;](2)" classname="testRunner.TestRunner" time="22.931">
    <system-out><![CDATA[
Scenario: Login with Valid Credentials                                       # file:///C:/Users/prade/Music/Appium%20Frameworks/ExcelCowork/src/test/resources/features/1_LoginScenario.feature:8
  Given User is on login page                                                # stepDefinitions.common.CommonSteps.user_is_on_login_page()
  When User enters valid "4pradeep4@gmail.com" and "@Excel12345" credentials # stepDefinitions.common.CommonSteps.user_enters_valid_and_credentials(java.lang.String,java.lang.String)
  Then User tap on the login button                                          # stepDefinitions.common.CommonSteps.User_tap_on_the_login_button()
  And Validate HomePage is displayed                                         # stepDefinitions.TC_1_LoginScenario_TC.validate_home_page_is_displayed()
]]></system-out>
  </testcase>
  <testcase name="runScenario[&quot;Login with invalid Credentials&quot;, &quot;Login Functionality&quot;](3)" classname="testRunner.TestRunner" time="26.04">
    <system-out><![CDATA[
Scenario: Login with invalid Credentials # file:///C:/Users/prade/Music/Appium%20Frameworks/ExcelCowork/src/test/resources/features/1_LoginScenario.feature:15
  Given User is on login page            # stepDefinitions.common.CommonSteps.user_is_on_login_page()
  When User enters invalid credentials   # stepDefinitions.TC_1_LoginScenario_TC.user_enters_valid_credentials()
  Then User tap on the login button      # stepDefinitions.common.CommonSteps.User_tap_on_the_login_button()
]]></system-out>
  </testcase>
  <testcase name="runScenario[&quot;Login with empty Credentials&quot;, &quot;Login Functionality&quot;](4)" classname="testRunner.TestRunner" time="16.718">
    <system-out><![CDATA[
Scenario: Login with empty Credentials                         # file:///C:/Users/prade/Music/Appium%20Frameworks/ExcelCowork/src/test/resources/features/1_LoginScenario.feature:20
  Given User is on login page                                  # stepDefinitions.common.CommonSteps.user_is_on_login_page()
  And User tap on the login button                             # stepDefinitions.common.CommonSteps.User_tap_on_the_login_button()
Enter a valid password
Enter a valid password
Please enter an email address --- Validate message under email field
Please enter a password --- Validate message under pwd field
  Then Validate error message displayed below email text field # stepDefinitions.TC_1_LoginScenario_TC.validate_error_message_displayed_below_email_text_field()
]]></system-out>
  </testcase>
  <testcase name="runScenario[&quot;Login with different credentials&quot;, &quot;Login Functionality&quot;](5)" classname="testRunner.TestRunner" time="17.981">
    <system-out><![CDATA[
Scenario Outline: Login with different credentials       # file:///C:/Users/prade/Music/Appium%20Frameworks/ExcelCowork/src/test/resources/features/1_LoginScenario.feature:33
  Given User is on login page                            # stepDefinitions.common.CommonSteps.user_is_on_login_page()
  When User enters invalid emailId "4pradeep4@gmail.com" # stepDefinitions.TC_3_LoginDataDriven.user_enters_email_id(java.lang.String)
  And User enters invalid password "@Excel12345"         # stepDefinitions.TC_3_LoginDataDriven.user_enters_password(java.lang.String)
  Then Login should be "success"                         # stepDefinitions.TC_3_LoginDataDriven.login_should_be(java.lang.String)
]]></system-out>
  </testcase>
  <testcase name="runScenario[&quot;Login with different credentials&quot;, &quot;Login Functionality&quot;](6)" classname="testRunner.TestRunner" time="19.034">
    <system-out><![CDATA[
Scenario Outline: Login with different credentials # file:///C:/Users/prade/Music/Appium%20Frameworks/ExcelCowork/src/test/resources/features/1_LoginScenario.feature:34
  Given User is on login page                      # stepDefinitions.common.CommonSteps.user_is_on_login_page()
  When User enters invalid emailId "John"          # stepDefinitions.TC_3_LoginDataDriven.user_enters_email_id(java.lang.String)
  And User enters invalid password "wrongpwd"      # stepDefinitions.TC_3_LoginDataDriven.user_enters_password(java.lang.String)
  Then Login should be "failed"                    # stepDefinitions.TC_3_LoginDataDriven.login_should_be(java.lang.String)
]]></system-out>
  </testcase>
  <testcase name="runScenario[&quot;Validating error messages in forgot password page&quot;, &quot;Forgot Password related features&quot;](7)" classname="testRunner.TestRunner" time="13.828">
    <system-out><![CDATA[
Scenario: Validating error messages in forgot password page # file:///C:/Users/prade/Music/Appium%20Frameworks/ExcelCowork/src/test/resources/features/2_ForgotPassword_Scenario.feature:3
  Given User is on login page                               # stepDefinitions.common.CommonSteps.user_is_on_login_page()
  And User tap on forgot password link                      # stepDefinitions.TC_4__ForgotPassword1.user_tap_on_forgot_password_link()
  Then Tap on Verify button without entering data           # stepDefinitions.TC_4__ForgotPassword1.tap_on_verify_button_without_entering_data()
 -----------------------------
  And Validate error message                                # stepDefinitions.TC_4__ForgotPassword1.validate_error_message()
]]></system-out>
  </testcase>
  <testcase name="runScenario[&quot;Enter the generated otp in the field and tap on Verify button (on real device it works)&quot;, &quot;Forgot Password related features&quot;](8)" classname="testRunner.TestRunner" time="30.944">
    <system-out><![CDATA[
@Ignore
Scenario: Enter the generated otp in the field and tap on Verify button (on real device it works) # file:///C:/Users/prade/Music/Appium%20Frameworks/ExcelCowork/src/test/resources/features/2_ForgotPassword_Scenario.feature:10
  Given User is on login page                                                                     # stepDefinitions.common.CommonSteps.user_is_on_login_page()
  And User tap on forgot password link                                                            # stepDefinitions.TC_4__ForgotPassword1.user_tap_on_forgot_password_link()
  And User enter previous emailId                                                                 # stepDefinitions.TC_5__ForgetScenario2.User_enter_previous_emailId()
  Then Tap on Verify button                                                                       # stepDefinitions.TC_5__ForgetScenario2.tap_on_verify_button()
  And Tap on Done button in OTP CODE page                                                         # stepDefinitions.TC_5__ForgetScenario2.tap_on_done_button_in_OTP_CODE_page()
Notification title: Keep this service running, so Appium for Android can properly interact with several system APIs
  Then verify the notification                                                                    # stepDefinitions.TC_4__ForgotPassword1.verify_the_notification()
Notification title: Keep this service running, so Appium for Android can properly interact with several system APIs
  And Put the Generated OTP in the textfield.                                                     # stepDefinitions.TC_4__ForgotPassword1.put_the_generated_otp_in_the_textfield()
]]></system-out>
  </testcase>
  <testcase name="runScenario[&quot;Login and Logout from the application&quot;, &quot;Login and Logout feature&quot;](9)" classname="testRunner.TestRunner" time="46.318">
    <system-out><![CDATA[
Scenario: Login and Logout from the application    # file:///C:/Users/prade/Music/Appium%20Frameworks/ExcelCowork/src/test/resources/features/3_LoginAndLogout_Scenario.feature:4
  Given User is on login page                      # stepDefinitions.common.CommonSteps.user_is_on_login_page()
  When User enters valid credentials               # stepDefinitions.common.CommonSteps.user_enters_valid_credentials()
  Then User tap on the login button                # stepDefinitions.common.CommonSteps.User_tap_on_the_login_button()
scrolled till logout
  And User tap on profile icon and scroll till end # stepDefinitions.TC_1_LoginScenario_TC.User_tap_on_profile_icon_and_scroll_till_end()
  And User tap on logout button                    # stepDefinitions.TC_2_Login_and_Logout.click_tap_on_logout_button()
]]></system-out>
  </testcase>
  <testcase name="runScenario[&quot;Logout and Validate the Toast message&quot;, &quot;Login and Logout feature&quot;](10)" classname="testRunner.TestRunner" time="60.325">
    <failure message="Expected condition failed: waiting for presence of element located by: AppiumBy.accessibilityId: Logout successful (tried for 5 second(s) with 500 milliseconds interval)" type="org.openqa.selenium.TimeoutException"><![CDATA[org.openqa.selenium.TimeoutException: Expected condition failed: waiting for presence of element located by: AppiumBy.accessibilityId: Logout successful (tried for 5 second(s) with 500 milliseconds interval)
	at org.openqa.selenium.support.ui.WebDriverWait.timeoutException(WebDriverWait.java:84)
	at org.openqa.selenium.support.ui.FluentWait.until(FluentWait.java:228)
	at Utils.ToastMessages.VerifyToast(ToastMessages.java:18)
	at stepDefinitions.TC_2_Login_and_Logout.verify_the_toast_message_displayed(TC_2_Login_and_Logout.java:38)
	at ✽.Verify the toast message displayed(file:///C:/Users/prade/Music/Appium%20Frameworks/ExcelCowork/src/test/resources/features/3_LoginAndLogout_Scenario.feature:17)
Caused by: org.openqa.selenium.NoSuchElementException: An element could not be located on the page using the given search parameters.
For documentation on this error, please visit: https://www.selenium.dev/documentation/webdriver/troubleshooting/errors#no-such-element-exception
Build info: version: '4.34.0', revision: '707dcb4246*'
System info: os.name: 'Windows 11', os.arch: 'amd64', os.version: '10.0', java.version: '21.0.7'
Driver info: io.appium.java_client.android.AndroidDriver
Command: [275c1cb5-30cc-42f6-8dd7-b759c66787b1, findElement {using=accessibility id, value=Logout successful}]
Capabilities {appium:app: C:\Users\prade\Music\Appium..., appium:appActivity: com.excelcoworks.excelcowor..., appium:appPackage: com.excel.coworks, appium:automationName: UiAutomator2, appium:databaseEnabled: false, appium:desired: {app: C:\Users\prade\Music\Appium..., automationName: UiAutomator2, deviceName: Phone121, fullReset: false, newCommandTimeout: 30, platformName: ANDROID, udid: emulator-5554}, appium:deviceApiLevel: 36, appium:deviceManufacturer: Google, appium:deviceModel: sdk_gphone64_x86_64, appium:deviceName: emulator-5554, appium:deviceScreenDensity: 440, appium:deviceScreenSize: 1080x2160, appium:deviceUDID: emulator-5554, appium:fullReset: false, appium:javascriptEnabled: true, appium:locationContextEnabled: false, appium:networkConnectionEnabled: true, appium:newCommandTimeout: 30, appium:pixelRatio: 2.75, appium:platformVersion: 16, appium:statBarHeight: 66, appium:takesScreenshot: true, appium:udid: emulator-5554, appium:viewportRect: {height: 2094, left: 0, top: 66, width: 1080}, appium:warnings: {}, appium:webStorageEnabled: false, platformName: ANDROID}
Session ID: 275c1cb5-30cc-42f6-8dd7-b759c66787b1
	at java.base/jdk.internal.reflect.DirectConstructorHandleAccessor.newInstance(DirectConstructorHandleAccessor.java:62)
	at java.base/java.lang.reflect.Constructor.newInstanceWithCaller(Constructor.java:502)
	at java.base/java.lang.reflect.Constructor.newInstance(Constructor.java:486)
	at org.openqa.selenium.remote.ErrorCodec.decode(ErrorCodec.java:167)
	at org.openqa.selenium.remote.codec.w3c.W3CHttpResponseCodec.decode(W3CHttpResponseCodec.java:138)
	at org.openqa.selenium.remote.codec.w3c.W3CHttpResponseCodec.decode(W3CHttpResponseCodec.java:50)
	at org.openqa.selenium.remote.HttpCommandExecutor.execute(HttpCommandExecutor.java:215)
	at io.appium.java_client.remote.AppiumCommandExecutor.execute(AppiumCommandExecutor.java:244)
	at org.openqa.selenium.remote.RemoteWebDriver.execute(RemoteWebDriver.java:544)
	at org.openqa.selenium.remote.ElementLocation$ElementFinder$2.findElement(ElementLocation.java:165)
	at org.openqa.selenium.remote.ElementLocation.findElement(ElementLocation.java:66)
	at org.openqa.selenium.remote.RemoteWebDriver.findElement(RemoteWebDriver.java:367)
	at org.openqa.selenium.remote.RemoteWebDriver.findElement(RemoteWebDriver.java:361)
	at org.openqa.selenium.support.ui.ExpectedConditions$6.apply(ExpectedConditions.java:171)
	at org.openqa.selenium.support.ui.ExpectedConditions$6.apply(ExpectedConditions.java:168)
	at org.openqa.selenium.support.ui.FluentWait.until(FluentWait.java:203)
	... 3 more
]]></failure>
    <system-out><![CDATA[
Scenario: Logout and Validate the Toast message    # file:///C:/Users/prade/Music/Appium%20Frameworks/ExcelCowork/src/test/resources/features/3_LoginAndLogout_Scenario.feature:11
  Given User is on login page                      # stepDefinitions.common.CommonSteps.user_is_on_login_page()
  When User enters valid credentials               # stepDefinitions.common.CommonSteps.user_enters_valid_credentials()
  Then User tap on the login button                # stepDefinitions.common.CommonSteps.User_tap_on_the_login_button()
scrolled till logout
  And User tap on profile icon and scroll till end # stepDefinitions.TC_1_LoginScenario_TC.User_tap_on_profile_icon_and_scroll_till_end()
  And User tap on logout button                    # stepDefinitions.TC_2_Login_and_Logout.click_tap_on_logout_button()
  Then Verify the toast message displayed          # stepDefinitions.TC_2_Login_and_Logout.verify_the_toast_message_displayed()
      org.openqa.selenium.TimeoutException: Expected condition failed: waiting for presence of element located by: AppiumBy.accessibilityId: Logout successful (tried for 5 second(s) with 500 milliseconds interval)
      	at org.openqa.selenium.support.ui.WebDriverWait.timeoutException(WebDriverWait.java:84)
      	at org.openqa.selenium.support.ui.FluentWait.until(FluentWait.java:228)
      	at Utils.ToastMessages.VerifyToast(ToastMessages.java:18)
      	at stepDefinitions.TC_2_Login_and_Logout.verify_the_toast_message_displayed(TC_2_Login_and_Logout.java:38)
      	at ✽.Verify the toast message displayed(file:///C:/Users/prade/Music/Appium%20Frameworks/ExcelCowork/src/test/resources/features/3_LoginAndLogout_Scenario.feature:17)
      Caused by: org.openqa.selenium.NoSuchElementException: An element could not be located on the page using the given search parameters.
      For documentation on this error, please visit: https://www.selenium.dev/documentation/webdriver/troubleshooting/errors#no-such-element-exception
      Build info: version: '4.34.0', revision: '707dcb4246*'
      System info: os.name: 'Windows 11', os.arch: 'amd64', os.version: '10.0', java.version: '21.0.7'
      Driver info: io.appium.java_client.android.AndroidDriver
      Command: [275c1cb5-30cc-42f6-8dd7-b759c66787b1, findElement {using=accessibility id, value=Logout successful}]
      Capabilities {appium:app: C:\Users\prade\Music\Appium..., appium:appActivity: com.excelcoworks.excelcowor..., appium:appPackage: com.excel.coworks, appium:automationName: UiAutomator2, appium:databaseEnabled: false, appium:desired: {app: C:\Users\prade\Music\Appium..., automationName: UiAutomator2, deviceName: Phone121, fullReset: false, newCommandTimeout: 30, platformName: ANDROID, udid: emulator-5554}, appium:deviceApiLevel: 36, appium:deviceManufacturer: Google, appium:deviceModel: sdk_gphone64_x86_64, appium:deviceName: emulator-5554, appium:deviceScreenDensity: 440, appium:deviceScreenSize: 1080x2160, appium:deviceUDID: emulator-5554, appium:fullReset: false, appium:javascriptEnabled: true, appium:locationContextEnabled: false, appium:networkConnectionEnabled: true, appium:newCommandTimeout: 30, appium:pixelRatio: 2.75, appium:platformVersion: 16, appium:statBarHeight: 66, appium:takesScreenshot: true, appium:udid: emulator-5554, appium:viewportRect: {height: 2094, left: 0, top: 66, width: 1080}, appium:warnings: {}, appium:webStorageEnabled: false, platformName: ANDROID}
      Session ID: 275c1cb5-30cc-42f6-8dd7-b759c66787b1
      	at java.base/jdk.internal.reflect.DirectConstructorHandleAccessor.newInstance(DirectConstructorHandleAccessor.java:62)
      	at java.base/java.lang.reflect.Constructor.newInstanceWithCaller(Constructor.java:502)
      	at java.base/java.lang.reflect.Constructor.newInstance(Constructor.java:486)
      	at org.openqa.selenium.remote.ErrorCodec.decode(ErrorCodec.java:167)
      	at org.openqa.selenium.remote.codec.w3c.W3CHttpResponseCodec.decode(W3CHttpResponseCodec.java:138)
      	at org.openqa.selenium.remote.codec.w3c.W3CHttpResponseCodec.decode(W3CHttpResponseCodec.java:50)
      	at org.openqa.selenium.remote.HttpCommandExecutor.execute(HttpCommandExecutor.java:215)
      	at io.appium.java_client.remote.AppiumCommandExecutor.execute(AppiumCommandExecutor.java:244)
      	at org.openqa.selenium.remote.RemoteWebDriver.execute(RemoteWebDriver.java:544)
      	at org.openqa.selenium.remote.ElementLocation$ElementFinder$2.findElement(ElementLocation.java:165)
      	at org.openqa.selenium.remote.ElementLocation.findElement(ElementLocation.java:66)
      	at org.openqa.selenium.remote.RemoteWebDriver.findElement(RemoteWebDriver.java:367)
      	at org.openqa.selenium.remote.RemoteWebDriver.findElement(RemoteWebDriver.java:361)
      	at org.openqa.selenium.support.ui.ExpectedConditions$6.apply(ExpectedConditions.java:171)
      	at org.openqa.selenium.support.ui.ExpectedConditions$6.apply(ExpectedConditions.java:168)
      	at org.openqa.selenium.support.ui.FluentWait.until(FluentWait.java:203)
      	... 3 more

]]></system-out>
  </testcase>
  <testcase name="runScenario[&quot;Adding personal info&quot;, &quot;Upload personal info and create a account&quot;](11)" classname="testRunner.TestRunner" time="12.888">
    <system-out><![CDATA[
@Personal
Scenario Outline: Adding personal info   # file:///C:/Users/prade/Music/Appium%20Frameworks/ExcelCowork/src/test/resources/features/4_Personal_info_Scenarios.feature:15
  Given User is on login page            # stepDefinitions.common.CommonSteps.user_is_on_login_page()
  When User tap on CreateAccount Link    # stepDefinitions.TC_8_Personal_information.user_tap_on_create_account_link()
  Then Enter full name "Pradeep"         # stepDefinitions.TC_8_Personal_information.enter_full_name(java.lang.String)
  And Enter Company name "Concentrix"    # stepDefinitions.TC_8_Personal_information.enter_company_name(java.lang.String)
  And Enter email address "ab@gmail.com" # stepDefinitions.TC_8_Personal_information.enter_email_address(java.lang.String)
  And Mobile number "1111111111"         # stepDefinitions.TC_8_Personal_information.mobile_number(java.lang.String)
  Then Tap on Next button                # stepDefinitions.TC_8_Personal_information.tap_on_next_button()
]]></system-out>
  </testcase>
  <testcase name="runScenario[&quot;Adding personal info&quot;, &quot;Upload personal info and create a account&quot;](12)" classname="testRunner.TestRunner" time="12.64">
    <system-out><![CDATA[
@Personal
Scenario Outline: Adding personal info   # file:///C:/Users/prade/Music/Appium%20Frameworks/ExcelCowork/src/test/resources/features/4_Personal_info_Scenarios.feature:16
  Given User is on login page            # stepDefinitions.common.CommonSteps.user_is_on_login_page()
  When User tap on CreateAccount Link    # stepDefinitions.TC_8_Personal_information.user_tap_on_create_account_link()
  Then Enter full name "Prashanth"       # stepDefinitions.TC_8_Personal_information.enter_full_name(java.lang.String)
  And Enter Company name "Testsigma"     # stepDefinitions.TC_8_Personal_information.enter_company_name(java.lang.String)
  And Enter email address "bc@gmail.com" # stepDefinitions.TC_8_Personal_information.enter_email_address(java.lang.String)
  And Mobile number "2222222222"         # stepDefinitions.TC_8_Personal_information.mobile_number(java.lang.String)
  Then Tap on Next button                # stepDefinitions.TC_8_Personal_information.tap_on_next_button()
]]></system-out>
  </testcase>
  <testcase name="runScenario[&quot;Profile details Updating&quot;, &quot;Upload personal info and create a account&quot;](13)" classname="testRunner.TestRunner" time="49.823">
    <failure message="Can&apos;t locate an element by this strategy: By.chained({AppiumBy.androidUIAutomator: new UiSelector().text(&quot;Pradeep bhat&quot;)})" type="org.openqa.selenium.NoSuchElementException"><![CDATA[org.openqa.selenium.NoSuchElementException: Can't locate an element by this strategy: By.chained({AppiumBy.androidUIAutomator: new UiSelector().text("Pradeep bhat")})
	at io.appium.java_client.pagefactory.AppiumElementLocator.findElement(AppiumElementLocator.java:166)
	at io.appium.java_client.pagefactory.interceptors.InterceptorOfASingleElement.call(InterceptorOfASingleElement.java:74)
	at io.appium.java_client.proxy.Interceptor.intercept(Interceptor.java:78)
	at org.openqa.selenium.remote.RemoteWebElement$ByteBuddy$aMQ1RSGi.click(Unknown Source)
	at pageObject.MyprofilePage.ClearOldName(MyprofilePage.java:43)
	at stepDefinitions.TC_6_ProfileDataUpdate.clear_name_field(TC_6_ProfileDataUpdate.java:27)
	at ✽.Clear name field(file:///C:/Users/prade/Music/Appium%20Frameworks/ExcelCowork/src/test/resources/features/4_Personal_info_Scenarios.feature:26)
Caused by: org.openqa.selenium.TimeoutException: Expected condition failed: waiting for io.appium.java_client.pagefactory.AppiumElementLocator$WaitingFunction@110620d (tried for 10 second(s) with 500 milliseconds interval)
	at org.openqa.selenium.support.ui.FluentWait.timeoutException(FluentWait.java:265)
	at org.openqa.selenium.support.ui.FluentWait.until(FluentWait.java:228)
	at io.appium.java_client.pagefactory.AppiumElementLocator.waitFor(AppiumElementLocator.java:135)
	at io.appium.java_client.pagefactory.AppiumElementLocator.findElement(AppiumElementLocator.java:160)
	... 6 more
Caused by: org.openqa.selenium.NoSuchElementException: Cannot locate an element using By.chained({AppiumBy.androidUIAutomator: new UiSelector().text("Pradeep bhat")})
For documentation on this error, please visit: https://www.selenium.dev/documentation/webdriver/troubleshooting/errors#no-such-element-exception
Build info: version: '4.34.0', revision: '707dcb4246*'
System info: os.name: 'Windows 11', os.arch: 'amd64', os.version: '10.0', java.version: '21.0.7'
Driver info: driver.version: RemoteWebDriver
	at io.appium.java_client.pagefactory.bys.builder.ByChained.findElement(ByChained.java:74)
	at org.openqa.selenium.remote.ElementLocation$ElementFinder$1.findElement(ElementLocation.java:139)
	at org.openqa.selenium.remote.ElementLocation.findElement(ElementLocation.java:59)
	at org.openqa.selenium.remote.RemoteWebDriver.findElement(RemoteWebDriver.java:367)
	at org.openqa.selenium.remote.RemoteWebDriver.findElement(RemoteWebDriver.java:361)
	at io.appium.java_client.pagefactory.bys.ContentMappedBy.findElement(ContentMappedBy.java:54)
	at org.openqa.selenium.remote.ElementLocation$ElementFinder$1.findElement(ElementLocation.java:139)
	at org.openqa.selenium.remote.ElementLocation.findElement(ElementLocation.java:59)
	at org.openqa.selenium.remote.RemoteWebDriver.findElement(RemoteWebDriver.java:367)
	at org.openqa.selenium.remote.RemoteWebDriver.findElement(RemoteWebDriver.java:361)
	at io.appium.java_client.pagefactory.AppiumElementLocator.lambda$findElement$1(AppiumElementLocator.java:160)
	at io.appium.java_client.pagefactory.AppiumElementLocator$WaitingFunction.apply(AppiumElementLocator.java:217)
	at io.appium.java_client.pagefactory.AppiumElementLocator$WaitingFunction.apply(AppiumElementLocator.java:210)
	at org.openqa.selenium.support.ui.FluentWait.until(FluentWait.java:203)
	... 8 more
]]></failure>
    <system-out><![CDATA[
@Ignore
Scenario Outline: Profile details Updating # file:///C:/Users/prade/Music/Appium%20Frameworks/ExcelCowork/src/test/resources/features/4_Personal_info_Scenarios.feature:35
  Given User is on login page              # stepDefinitions.common.CommonSteps.user_is_on_login_page()
  When User enters valid credentials       # stepDefinitions.common.CommonSteps.user_enters_valid_credentials()
  Then User tap on the login button        # stepDefinitions.common.CommonSteps.User_tap_on_the_login_button()
  Then User tap on profile                 # stepDefinitions.TC_6_ProfileDataUpdate.user_tap_on_profile()
  Then User tap on edit icon               # stepDefinitions.TC_6_ProfileDataUpdate.user_tap_on_edit_icon()
  And Clear name field                     # stepDefinitions.TC_6_ProfileDataUpdate.clear_name_field()
      org.openqa.selenium.NoSuchElementException: Can't locate an element by this strategy: By.chained({AppiumBy.androidUIAutomator: new UiSelector().text("Pradeep bhat")})
      	at io.appium.java_client.pagefactory.AppiumElementLocator.findElement(AppiumElementLocator.java:166)
      	at io.appium.java_client.pagefactory.interceptors.InterceptorOfASingleElement.call(InterceptorOfASingleElement.java:74)
      	at io.appium.java_client.proxy.Interceptor.intercept(Interceptor.java:78)
      	at org.openqa.selenium.remote.RemoteWebElement$ByteBuddy$aMQ1RSGi.click(Unknown Source)
      	at pageObject.MyprofilePage.ClearOldName(MyprofilePage.java:43)
      	at stepDefinitions.TC_6_ProfileDataUpdate.clear_name_field(TC_6_ProfileDataUpdate.java:27)
      	at ✽.Clear name field(file:///C:/Users/prade/Music/Appium%20Frameworks/ExcelCowork/src/test/resources/features/4_Personal_info_Scenarios.feature:26)
      Caused by: org.openqa.selenium.TimeoutException: Expected condition failed: waiting for io.appium.java_client.pagefactory.AppiumElementLocator$WaitingFunction@110620d (tried for 10 second(s) with 500 milliseconds interval)
      	at org.openqa.selenium.support.ui.FluentWait.timeoutException(FluentWait.java:265)
      	at org.openqa.selenium.support.ui.FluentWait.until(FluentWait.java:228)
      	at io.appium.java_client.pagefactory.AppiumElementLocator.waitFor(AppiumElementLocator.java:135)
      	at io.appium.java_client.pagefactory.AppiumElementLocator.findElement(AppiumElementLocator.java:160)
      	... 6 more
      Caused by: org.openqa.selenium.NoSuchElementException: Cannot locate an element using By.chained({AppiumBy.androidUIAutomator: new UiSelector().text("Pradeep bhat")})
      For documentation on this error, please visit: https://www.selenium.dev/documentation/webdriver/troubleshooting/errors#no-such-element-exception
      Build info: version: '4.34.0', revision: '707dcb4246*'
      System info: os.name: 'Windows 11', os.arch: 'amd64', os.version: '10.0', java.version: '21.0.7'
      Driver info: driver.version: RemoteWebDriver
      	at io.appium.java_client.pagefactory.bys.builder.ByChained.findElement(ByChained.java:74)
      	at org.openqa.selenium.remote.ElementLocation$ElementFinder$1.findElement(ElementLocation.java:139)
      	at org.openqa.selenium.remote.ElementLocation.findElement(ElementLocation.java:59)
      	at org.openqa.selenium.remote.RemoteWebDriver.findElement(RemoteWebDriver.java:367)
      	at org.openqa.selenium.remote.RemoteWebDriver.findElement(RemoteWebDriver.java:361)
      	at io.appium.java_client.pagefactory.bys.ContentMappedBy.findElement(ContentMappedBy.java:54)
      	at org.openqa.selenium.remote.ElementLocation$ElementFinder$1.findElement(ElementLocation.java:139)
      	at org.openqa.selenium.remote.ElementLocation.findElement(ElementLocation.java:59)
      	at org.openqa.selenium.remote.RemoteWebDriver.findElement(RemoteWebDriver.java:367)
      	at org.openqa.selenium.remote.RemoteWebDriver.findElement(RemoteWebDriver.java:361)
      	at io.appium.java_client.pagefactory.AppiumElementLocator.lambda$findElement$1(AppiumElementLocator.java:160)
      	at io.appium.java_client.pagefactory.AppiumElementLocator$WaitingFunction.apply(AppiumElementLocator.java:217)
      	at io.appium.java_client.pagefactory.AppiumElementLocator$WaitingFunction.apply(AppiumElementLocator.java:210)
      	at org.openqa.selenium.support.ui.FluentWait.until(FluentWait.java:203)
      	... 8 more

  And Clear company name field             # stepDefinitions.TC_6_ProfileDataUpdate.clear_company_name_field()
  And Click on save button                 # stepDefinitions.TC_6_ProfileDataUpdate.click_on_save_button()
  And User EnterName "Prashanth"           # stepDefinitions.TC_6_ProfileDataUpdate.user_enter_name(java.lang.String)
  And User EnterCompanyname "Mankind"      # stepDefinitions.TC_6_ProfileDataUpdate.user_enter_companyname(java.lang.String)
  And Click on save button                 # stepDefinitions.TC_6_ProfileDataUpdate.click_on_save_button()
]]></system-out>
  </testcase>
  <testcase name="runScenario[&quot;Logout and Validate the Toast message&quot;, &quot;Login Functionality&quot;](14)" classname="testRunner.TestRunner" time="53.99">
    <failure message="Can&apos;t locate an element by this strategy: By.chained({AppiumBy.androidUIAutomator: new UiSelector().descriptionContains(&quot;Log Out&quot;)})" type="org.openqa.selenium.NoSuchElementException"><![CDATA[org.openqa.selenium.NoSuchElementException: Can't locate an element by this strategy: By.chained({AppiumBy.androidUIAutomator: new UiSelector().descriptionContains("Log Out")})
	at io.appium.java_client.pagefactory.AppiumElementLocator.findElement(AppiumElementLocator.java:166)
	at io.appium.java_client.pagefactory.interceptors.InterceptorOfASingleElement.call(InterceptorOfASingleElement.java:74)
	at io.appium.java_client.proxy.Interceptor.intercept(Interceptor.java:78)
	at org.openqa.selenium.remote.RemoteWebElement$ByteBuddy$aMQ1RSGi.click(Unknown Source)
	at pageObject.MyprofilePage.Logout(MyprofilePage.java:90)
	at stepDefinitions.TC_2_Login_and_Logout.click_tap_on_logout_button(TC_2_Login_and_Logout.java:27)
	at ✽.User tap on logout button(file:///C:/Users/prade/Music/Appium%20Frameworks/ExcelCowork/src/test/resources/features/trip.feature:8)
Caused by: org.openqa.selenium.TimeoutException: Expected condition failed: waiting for io.appium.java_client.pagefactory.AppiumElementLocator$WaitingFunction@359e27d2 (tried for 10 second(s) with 500 milliseconds interval)
	at org.openqa.selenium.support.ui.FluentWait.timeoutException(FluentWait.java:265)
	at org.openqa.selenium.support.ui.FluentWait.until(FluentWait.java:228)
	at io.appium.java_client.pagefactory.AppiumElementLocator.waitFor(AppiumElementLocator.java:135)
	at io.appium.java_client.pagefactory.AppiumElementLocator.findElement(AppiumElementLocator.java:160)
	... 6 more
Caused by: org.openqa.selenium.NoSuchElementException: Cannot locate an element using By.chained({AppiumBy.androidUIAutomator: new UiSelector().descriptionContains("Log Out")})
For documentation on this error, please visit: https://www.selenium.dev/documentation/webdriver/troubleshooting/errors#no-such-element-exception
Build info: version: '4.34.0', revision: '707dcb4246*'
System info: os.name: 'Windows 11', os.arch: 'amd64', os.version: '10.0', java.version: '21.0.7'
Driver info: driver.version: RemoteWebDriver
	at io.appium.java_client.pagefactory.bys.builder.ByChained.findElement(ByChained.java:74)
	at org.openqa.selenium.remote.ElementLocation$ElementFinder$1.findElement(ElementLocation.java:139)
	at org.openqa.selenium.remote.ElementLocation.findElement(ElementLocation.java:59)
	at org.openqa.selenium.remote.RemoteWebDriver.findElement(RemoteWebDriver.java:367)
	at org.openqa.selenium.remote.RemoteWebDriver.findElement(RemoteWebDriver.java:361)
	at io.appium.java_client.pagefactory.bys.ContentMappedBy.findElement(ContentMappedBy.java:54)
	at org.openqa.selenium.remote.ElementLocation$ElementFinder$1.findElement(ElementLocation.java:139)
	at org.openqa.selenium.remote.ElementLocation.findElement(ElementLocation.java:59)
	at org.openqa.selenium.remote.RemoteWebDriver.findElement(RemoteWebDriver.java:367)
	at org.openqa.selenium.remote.RemoteWebDriver.findElement(RemoteWebDriver.java:361)
	at io.appium.java_client.pagefactory.AppiumElementLocator.lambda$findElement$1(AppiumElementLocator.java:160)
	at io.appium.java_client.pagefactory.AppiumElementLocator$WaitingFunction.apply(AppiumElementLocator.java:217)
	at io.appium.java_client.pagefactory.AppiumElementLocator$WaitingFunction.apply(AppiumElementLocator.java:210)
	at org.openqa.selenium.support.ui.FluentWait.until(FluentWait.java:203)
	... 8 more
]]></failure>
    <system-out><![CDATA[
Scenario: Logout and Validate the Toast message    # file:///C:/Users/prade/Music/Appium%20Frameworks/ExcelCowork/src/test/resources/features/trip.feature:3
  Given User is on login page                      # stepDefinitions.common.CommonSteps.user_is_on_login_page()
  When User enters valid credentials               # stepDefinitions.common.CommonSteps.user_enters_valid_credentials()
  Then User tap on the login button                # stepDefinitions.common.CommonSteps.User_tap_on_the_login_button()
scrolled till logout
  And User tap on profile icon and scroll till end # stepDefinitions.TC_1_LoginScenario_TC.User_tap_on_profile_icon_and_scroll_till_end()
  And User tap on logout button                    # stepDefinitions.TC_2_Login_and_Logout.click_tap_on_logout_button()
      org.openqa.selenium.NoSuchElementException: Can't locate an element by this strategy: By.chained({AppiumBy.androidUIAutomator: new UiSelector().descriptionContains("Log Out")})
      	at io.appium.java_client.pagefactory.AppiumElementLocator.findElement(AppiumElementLocator.java:166)
      	at io.appium.java_client.pagefactory.interceptors.InterceptorOfASingleElement.call(InterceptorOfASingleElement.java:74)
      	at io.appium.java_client.proxy.Interceptor.intercept(Interceptor.java:78)
      	at org.openqa.selenium.remote.RemoteWebElement$ByteBuddy$aMQ1RSGi.click(Unknown Source)
      	at pageObject.MyprofilePage.Logout(MyprofilePage.java:90)
      	at stepDefinitions.TC_2_Login_and_Logout.click_tap_on_logout_button(TC_2_Login_and_Logout.java:27)
      	at ✽.User tap on logout button(file:///C:/Users/prade/Music/Appium%20Frameworks/ExcelCowork/src/test/resources/features/trip.feature:8)
      Caused by: org.openqa.selenium.TimeoutException: Expected condition failed: waiting for io.appium.java_client.pagefactory.AppiumElementLocator$WaitingFunction@359e27d2 (tried for 10 second(s) with 500 milliseconds interval)
      	at org.openqa.selenium.support.ui.FluentWait.timeoutException(FluentWait.java:265)
      	at org.openqa.selenium.support.ui.FluentWait.until(FluentWait.java:228)
      	at io.appium.java_client.pagefactory.AppiumElementLocator.waitFor(AppiumElementLocator.java:135)
      	at io.appium.java_client.pagefactory.AppiumElementLocator.findElement(AppiumElementLocator.java:160)
      	... 6 more
      Caused by: org.openqa.selenium.NoSuchElementException: Cannot locate an element using By.chained({AppiumBy.androidUIAutomator: new UiSelector().descriptionContains("Log Out")})
      For documentation on this error, please visit: https://www.selenium.dev/documentation/webdriver/troubleshooting/errors#no-such-element-exception
      Build info: version: '4.34.0', revision: '707dcb4246*'
      System info: os.name: 'Windows 11', os.arch: 'amd64', os.version: '10.0', java.version: '21.0.7'
      Driver info: driver.version: RemoteWebDriver
      	at io.appium.java_client.pagefactory.bys.builder.ByChained.findElement(ByChained.java:74)
      	at org.openqa.selenium.remote.ElementLocation$ElementFinder$1.findElement(ElementLocation.java:139)
      	at org.openqa.selenium.remote.ElementLocation.findElement(ElementLocation.java:59)
      	at org.openqa.selenium.remote.RemoteWebDriver.findElement(RemoteWebDriver.java:367)
      	at org.openqa.selenium.remote.RemoteWebDriver.findElement(RemoteWebDriver.java:361)
      	at io.appium.java_client.pagefactory.bys.ContentMappedBy.findElement(ContentMappedBy.java:54)
      	at org.openqa.selenium.remote.ElementLocation$ElementFinder$1.findElement(ElementLocation.java:139)
      	at org.openqa.selenium.remote.ElementLocation.findElement(ElementLocation.java:59)
      	at org.openqa.selenium.remote.RemoteWebDriver.findElement(RemoteWebDriver.java:367)
      	at org.openqa.selenium.remote.RemoteWebDriver.findElement(RemoteWebDriver.java:361)
      	at io.appium.java_client.pagefactory.AppiumElementLocator.lambda$findElement$1(AppiumElementLocator.java:160)
      	at io.appium.java_client.pagefactory.AppiumElementLocator$WaitingFunction.apply(AppiumElementLocator.java:217)
      	at io.appium.java_client.pagefactory.AppiumElementLocator$WaitingFunction.apply(AppiumElementLocator.java:210)
      	at org.openqa.selenium.support.ui.FluentWait.until(FluentWait.java:203)
      	... 8 more

  Then Verify the toast message displayed          # stepDefinitions.TC_2_Login_and_Logout.verify_the_toast_message_displayed()
]]></system-out>
  </testcase>
</testsuite>