<?xml version="1.0" encoding="UTF-8"?>
<!-- Generated by org.testng.reporters.JUnitReportReporter -->
<testsuite hostname="PrashanthBhat" failures="0" tests="1" name="testRunner.TestRunner2" time="38.705" errors="0" timestamp="2025-07-16T18:20:31 IST" skipped="0">
  <testcase classname="testRunner.TestRunner2" name="runScenario" time="38.705"/>
</testsuite> <!-- testRunner.TestRunner2 -->
