<?xml version="1.0" encoding="UTF-8"?>
<!-- Generated by org.testng.reporters.JUnitReportReporter -->
<testsuite hostname="PrashanthBhat" failures="0" tests="1" name="testRunner.TestRunner2" time="25.506" errors="0" timestamp="2025-07-18T12:50:08 IST" skipped="0">
  <testcase classname="testRunner.TestRunner2" name="runScenario" time="25.506"/>
</testsuite> <!-- testRunner.TestRunner2 -->
