<?xml version="1.0" encoding="UTF-8"?>
<!-- Generated by org.testng.reporters.JUnitReportReporter -->
<testsuite hostname="PrashanthBhat" failures="0" tests="14" name="testRunner.TestRunner" time="0.961" errors="14" timestamp="2025-07-18T19:59:14 IST" skipped="0">
  <testcase classname="testRunner.TestRunner" name="runScenario" time="0.026">
    <error message="The provided search context cannot be null" type="java.lang.NullPointerException">
      <![CDATA[java.lang.NullPointerException: The provided search context cannot be null
at com.google.common.base.Preconditions.checkNotNull(Preconditions.java:920)
at io.appium.java_client.pagefactory.AppiumFieldDecorator.requireWebDriverReference(AppiumFieldDecorator.java:129)
at io.appium.java_client.pagefactory.AppiumFieldDecorator.<init>(AppiumFieldDecorator.java:86)
at pageObject.LoginPage_EC.<init>(LoginPage_EC.java:20)
at stepDefinitions.common.CommonSteps.user_is_on_login_page(CommonSteps.java:16)
at ✽.User is on login page(file:///C:/Users/prade/Music/Appium%20Frameworks/ExcelCowork/src/test/resources/features/1_LoginScenario.feature:22)
]]>
    </error>
  </testcase> <!-- runScenario -->
  <testcase classname="testRunner.TestRunner" name="runScenario" time="0.033">
    <error message="The provided search context cannot be null" type="java.lang.NullPointerException">
      <![CDATA[java.lang.NullPointerException: The provided search context cannot be null
at com.google.common.base.Preconditions.checkNotNull(Preconditions.java:920)
at io.appium.java_client.pagefactory.AppiumFieldDecorator.requireWebDriverReference(AppiumFieldDecorator.java:129)
at io.appium.java_client.pagefactory.AppiumFieldDecorator.<init>(AppiumFieldDecorator.java:86)
at pageObject.LoginPage_EC.<init>(LoginPage_EC.java:20)
at stepDefinitions.common.CommonSteps.user_is_on_login_page(CommonSteps.java:16)
at ✽.User is on login page(file:///C:/Users/prade/Music/Appium%20Frameworks/ExcelCowork/src/test/resources/features/1_LoginScenario.feature:16)
]]>
    </error>
  </testcase> <!-- runScenario -->
  <testcase classname="testRunner.TestRunner" name="runScenario" time="0.026">
    <error message="The provided search context cannot be null" type="java.lang.NullPointerException">
      <![CDATA[java.lang.NullPointerException: The provided search context cannot be null
at com.google.common.base.Preconditions.checkNotNull(Preconditions.java:920)
at io.appium.java_client.pagefactory.AppiumFieldDecorator.requireWebDriverReference(AppiumFieldDecorator.java:129)
at io.appium.java_client.pagefactory.AppiumFieldDecorator.<init>(AppiumFieldDecorator.java:86)
at pageObject.LoginPage_EC.<init>(LoginPage_EC.java:20)
at stepDefinitions.common.CommonSteps.user_is_on_login_page(CommonSteps.java:16)
at ✽.User is on login page(file:///C:/Users/prade/Music/Appium%20Frameworks/ExcelCowork/src/test/resources/features/trip.feature:4)
]]>
    </error>
  </testcase> <!-- runScenario -->
  <testcase classname="testRunner.TestRunner" name="runScenario" time="0.027">
    <error message="The provided search context cannot be null" type="java.lang.NullPointerException">
      <![CDATA[java.lang.NullPointerException: The provided search context cannot be null
at com.google.common.base.Preconditions.checkNotNull(Preconditions.java:920)
at io.appium.java_client.pagefactory.AppiumFieldDecorator.requireWebDriverReference(AppiumFieldDecorator.java:129)
at io.appium.java_client.pagefactory.AppiumFieldDecorator.<init>(AppiumFieldDecorator.java:86)
at pageObject.LoginPage_EC.<init>(LoginPage_EC.java:20)
at stepDefinitions.common.CommonSteps.user_is_on_login_page(CommonSteps.java:16)
at ✽.User is on login page(file:///C:/Users/prade/Music/Appium%20Frameworks/ExcelCowork/src/test/resources/features/4_Personal_info_Scenarios.feature:5)
]]>
    </error>
  </testcase> <!-- runScenario -->
  <testcase classname="testRunner.TestRunner" name="runScenario" time="0.030">
    <error message="The provided search context cannot be null" type="java.lang.NullPointerException">
      <![CDATA[java.lang.NullPointerException: The provided search context cannot be null
at com.google.common.base.Preconditions.checkNotNull(Preconditions.java:920)
at io.appium.java_client.pagefactory.AppiumFieldDecorator.requireWebDriverReference(AppiumFieldDecorator.java:129)
at io.appium.java_client.pagefactory.AppiumFieldDecorator.<init>(AppiumFieldDecorator.java:86)
at pageObject.LoginPage_EC.<init>(LoginPage_EC.java:20)
at stepDefinitions.common.CommonSteps.user_is_on_login_page(CommonSteps.java:16)
at ✽.User is on login page(file:///C:/Users/prade/Music/Appium%20Frameworks/ExcelCowork/src/test/resources/features/4_Personal_info_Scenarios.feature:5)
]]>
    </error>
  </testcase> <!-- runScenario -->
  <testcase classname="testRunner.TestRunner" name="runScenario" time="0.585">
    <error message="The provided search context cannot be null" type="java.lang.NullPointerException">
      <![CDATA[java.lang.NullPointerException: The provided search context cannot be null
at com.google.common.base.Preconditions.checkNotNull(Preconditions.java:920)
at io.appium.java_client.pagefactory.AppiumFieldDecorator.requireWebDriverReference(AppiumFieldDecorator.java:129)
at io.appium.java_client.pagefactory.AppiumFieldDecorator.<init>(AppiumFieldDecorator.java:86)
at pageObject.LoginPage_EC.<init>(LoginPage_EC.java:20)
at stepDefinitions.common.CommonSteps.user_is_on_login_page(CommonSteps.java:16)
at ✽.User is on login page(file:///C:/Users/prade/Music/Appium%20Frameworks/ExcelCowork/src/test/resources/features/1_LoginScenario.feature:4)
]]>
    </error>
  </testcase> <!-- runScenario -->
  <testcase classname="testRunner.TestRunner" name="runScenario" time="0.039">
    <error message="The provided search context cannot be null" type="java.lang.NullPointerException">
      <![CDATA[java.lang.NullPointerException: The provided search context cannot be null
at com.google.common.base.Preconditions.checkNotNull(Preconditions.java:920)
at io.appium.java_client.pagefactory.AppiumFieldDecorator.requireWebDriverReference(AppiumFieldDecorator.java:129)
at io.appium.java_client.pagefactory.AppiumFieldDecorator.<init>(AppiumFieldDecorator.java:86)
at pageObject.LoginPage_EC.<init>(LoginPage_EC.java:20)
at stepDefinitions.common.CommonSteps.user_is_on_login_page(CommonSteps.java:16)
at ✽.User is on login page(file:///C:/Users/prade/Music/Appium%20Frameworks/ExcelCowork/src/test/resources/features/4_Personal_info_Scenarios.feature:21)
]]>
    </error>
  </testcase> <!-- runScenario -->
  <testcase classname="testRunner.TestRunner" name="runScenario" time="0.017">
    <error message="The provided search context cannot be null" type="java.lang.NullPointerException">
      <![CDATA[java.lang.NullPointerException: The provided search context cannot be null
at com.google.common.base.Preconditions.checkNotNull(Preconditions.java:920)
at io.appium.java_client.pagefactory.AppiumFieldDecorator.requireWebDriverReference(AppiumFieldDecorator.java:129)
at io.appium.java_client.pagefactory.AppiumFieldDecorator.<init>(AppiumFieldDecorator.java:86)
at pageObject.LoginPage_EC.<init>(LoginPage_EC.java:20)
at stepDefinitions.common.CommonSteps.user_is_on_login_page(CommonSteps.java:16)
at ✽.User is on login page(file:///C:/Users/prade/Music/Appium%20Frameworks/ExcelCowork/src/test/resources/features/1_LoginScenario.feature:27)
]]>
    </error>
  </testcase> <!-- runScenario -->
  <testcase classname="testRunner.TestRunner" name="runScenario" time="0.019">
    <error message="The provided search context cannot be null" type="java.lang.NullPointerException">
      <![CDATA[java.lang.NullPointerException: The provided search context cannot be null
at com.google.common.base.Preconditions.checkNotNull(Preconditions.java:920)
at io.appium.java_client.pagefactory.AppiumFieldDecorator.requireWebDriverReference(AppiumFieldDecorator.java:129)
at io.appium.java_client.pagefactory.AppiumFieldDecorator.<init>(AppiumFieldDecorator.java:86)
at pageObject.LoginPage_EC.<init>(LoginPage_EC.java:20)
at stepDefinitions.common.CommonSteps.user_is_on_login_page(CommonSteps.java:16)
at ✽.User is on login page(file:///C:/Users/prade/Music/Appium%20Frameworks/ExcelCowork/src/test/resources/features/3_LoginAndLogout_Scenario.feature:5)
]]>
    </error>
  </testcase> <!-- runScenario -->
  <testcase classname="testRunner.TestRunner" name="runScenario" time="0.020">
    <error message="The provided search context cannot be null" type="java.lang.NullPointerException">
      <![CDATA[java.lang.NullPointerException: The provided search context cannot be null
at com.google.common.base.Preconditions.checkNotNull(Preconditions.java:920)
at io.appium.java_client.pagefactory.AppiumFieldDecorator.requireWebDriverReference(AppiumFieldDecorator.java:129)
at io.appium.java_client.pagefactory.AppiumFieldDecorator.<init>(AppiumFieldDecorator.java:86)
at pageObject.LoginPage_EC.<init>(LoginPage_EC.java:20)
at stepDefinitions.common.CommonSteps.user_is_on_login_page(CommonSteps.java:16)
at ✽.User is on login page(file:///C:/Users/prade/Music/Appium%20Frameworks/ExcelCowork/src/test/resources/features/3_LoginAndLogout_Scenario.feature:12)
]]>
    </error>
  </testcase> <!-- runScenario -->
  <testcase classname="testRunner.TestRunner" name="runScenario" time="0.025">
    <error message="The provided search context cannot be null" type="java.lang.NullPointerException">
      <![CDATA[java.lang.NullPointerException: The provided search context cannot be null
at com.google.common.base.Preconditions.checkNotNull(Preconditions.java:920)
at io.appium.java_client.pagefactory.AppiumFieldDecorator.requireWebDriverReference(AppiumFieldDecorator.java:129)
at io.appium.java_client.pagefactory.AppiumFieldDecorator.<init>(AppiumFieldDecorator.java:86)
at pageObject.LoginPage_EC.<init>(LoginPage_EC.java:20)
at stepDefinitions.common.CommonSteps.user_is_on_login_page(CommonSteps.java:16)
at ✽.User is on login page(file:///C:/Users/prade/Music/Appium%20Frameworks/ExcelCowork/src/test/resources/features/1_LoginScenario.feature:27)
]]>
    </error>
  </testcase> <!-- runScenario -->
  <testcase classname="testRunner.TestRunner" name="runScenario" time="0.024">
    <error message="The provided search context cannot be null" type="java.lang.NullPointerException">
      <![CDATA[java.lang.NullPointerException: The provided search context cannot be null
at com.google.common.base.Preconditions.checkNotNull(Preconditions.java:920)
at io.appium.java_client.pagefactory.AppiumFieldDecorator.requireWebDriverReference(AppiumFieldDecorator.java:129)
at io.appium.java_client.pagefactory.AppiumFieldDecorator.<init>(AppiumFieldDecorator.java:86)
at pageObject.LoginPage_EC.<init>(LoginPage_EC.java:20)
at stepDefinitions.common.CommonSteps.user_is_on_login_page(CommonSteps.java:16)
at ✽.User is on login page(file:///C:/Users/prade/Music/Appium%20Frameworks/ExcelCowork/src/test/resources/features/2_ForgotPassword_Scenario.feature:11)
]]>
    </error>
  </testcase> <!-- runScenario -->
  <testcase classname="testRunner.TestRunner" name="runScenario" time="0.063">
    <error message="The provided search context cannot be null" type="java.lang.NullPointerException">
      <![CDATA[java.lang.NullPointerException: The provided search context cannot be null
at com.google.common.base.Preconditions.checkNotNull(Preconditions.java:920)
at io.appium.java_client.pagefactory.AppiumFieldDecorator.requireWebDriverReference(AppiumFieldDecorator.java:129)
at io.appium.java_client.pagefactory.AppiumFieldDecorator.<init>(AppiumFieldDecorator.java:86)
at pageObject.LoginPage_EC.<init>(LoginPage_EC.java:20)
at stepDefinitions.common.CommonSteps.user_is_on_login_page(CommonSteps.java:16)
at ✽.User is on login page(file:///C:/Users/prade/Music/Appium%20Frameworks/ExcelCowork/src/test/resources/features/1_LoginScenario.feature:9)
]]>
    </error>
  </testcase> <!-- runScenario -->
  <testcase classname="testRunner.TestRunner" name="runScenario" time="0.027">
    <error message="The provided search context cannot be null" type="java.lang.NullPointerException">
      <![CDATA[java.lang.NullPointerException: The provided search context cannot be null
at com.google.common.base.Preconditions.checkNotNull(Preconditions.java:920)
at io.appium.java_client.pagefactory.AppiumFieldDecorator.requireWebDriverReference(AppiumFieldDecorator.java:129)
at io.appium.java_client.pagefactory.AppiumFieldDecorator.<init>(AppiumFieldDecorator.java:86)
at pageObject.LoginPage_EC.<init>(LoginPage_EC.java:20)
at stepDefinitions.common.CommonSteps.user_is_on_login_page(CommonSteps.java:16)
at ✽.User is on login page(file:///C:/Users/prade/Music/Appium%20Frameworks/ExcelCowork/src/test/resources/features/2_ForgotPassword_Scenario.feature:4)
]]>
    </error>
  </testcase> <!-- runScenario -->
</testsuite> <!-- testRunner.TestRunner -->
