<?xml version="1.0" encoding="UTF-8"?>
<!-- Generated by org.testng.reporters.JUnitReportReporter -->
<testsuite hostname="PrashanthBhat" failures="0" tests="2" name="testRunner.TestRunner" time="25.764" errors="2" timestamp="2025-07-17T10:43:23 IST" skipped="0">
  <testcase classname="testRunner.TestRunner" name="runScenario" time="14.471">
    <error message="The step &#039;Mobile number &quot;1111111111&quot;&#039; is undefined.
You can implement this step using the snippet(s) below:

@Then(&quot;Mobile number {string}&quot;)
public void mobile_number(String string) {
    // Write code here that turns the phrase above into concrete actions
    throw new io.cucumber.java.PendingException();
}
" type="io.cucumber.testng.UndefinedStepException">
      <![CDATA[io.cucumber.testng.UndefinedStepException: The step 'Mobile number "1111111111"' is undefined.
You can implement this step using the snippet(s) below:

@Then("Mobile number {string}")
public void mobile_number(String string) {
    // Write code here that turns the phrase above into concrete actions
    throw new io.cucumber.java.PendingException();
}

at ✽.Mobile number "1111111111"(file:///C:/Users/prade/Music/Appium%20Frameworks/ExcelCowork/src/test/resources/features/Personalinformation.feature:9)
]]>
    </error>
  </testcase> <!-- runScenario -->
  <testcase classname="testRunner.TestRunner" name="runScenario" time="11.293">
    <error message="The step &#039;Mobile number &quot;2222222222&quot;&#039; is undefined.
You can implement this step using the snippet(s) below:

@Then(&quot;Mobile number {string}&quot;)
public void mobile_number(String string) {
    // Write code here that turns the phrase above into concrete actions
    throw new io.cucumber.java.PendingException();
}
" type="io.cucumber.testng.UndefinedStepException">
      <![CDATA[io.cucumber.testng.UndefinedStepException: The step 'Mobile number "2222222222"' is undefined.
You can implement this step using the snippet(s) below:

@Then("Mobile number {string}")
public void mobile_number(String string) {
    // Write code here that turns the phrase above into concrete actions
    throw new io.cucumber.java.PendingException();
}

at ✽.Mobile number "2222222222"(file:///C:/Users/prade/Music/Appium%20Frameworks/ExcelCowork/src/test/resources/features/Personalinformation.feature:9)
]]>
    </error>
  </testcase> <!-- runScenario -->
</testsuite> <!-- testRunner.TestRunner -->
