<?xml version="1.0" encoding="UTF-8"?>
<!-- Generated by org.testng.reporters.JUnitReportReporter -->
<testsuite hostname="PrashanthBhat" failures="0" tests="2" name="testRunner.TestRunner" time="45.307" errors="0" timestamp="2025-07-15T12:59:28 IST" skipped="0">
  <testcase classname="testRunner.TestRunner" name="runScenario" time="33.175"/>
  <testcase classname="testRunner.TestRunner" name="runScenario" time="12.132"/>
</testsuite> <!-- testRunner.TestRunner -->
