<?xml version="1.0" encoding="UTF-8"?>
<!-- Generated by org.testng.reporters.JUnitReportReporter -->
<testsuite hostname="PrashanthBhat" failures="0" tests="2" name="testRunner.TestRunner2" time="45.013" errors="0" timestamp="2025-07-16T19:05:31 IST" skipped="0">
  <testcase classname="testRunner.TestRunner2" name="runScenario" time="24.997"/>
  <testcase classname="testRunner.TestRunner2" name="runScenario" time="20.016"/>
</testsuite> <!-- testRunner.TestRunner2 -->
