<?xml version="1.0" encoding="UTF-8"?>
<!-- Generated by org.testng.reporters.JUnitReportReporter -->
<testsuite hostname="PrashanthBhat" failures="0" tests="1" name="testRunner.TestRunner" time="34.138" errors="0" timestamp="2025-07-15T08:41:45 IST" skipped="0">
  <testcase classname="testRunner.TestRunner" name="runScenario" time="34.138"/>
</testsuite> <!-- testRunner.TestRunner -->
