<?xml version="1.0" encoding="UTF-8"?>
<!-- Generated by org.testng.reporters.JUnitReportReporter -->
<testsuite hostname="PrashanthBhat" failures="0" tests="1" name="testRunner.TestRunner2" time="15.083" errors="0" timestamp="2025-07-15T16:37:38 IST" skipped="0">
  <testcase classname="testRunner.TestRunner2" name="runScenario" time="15.083"/>
</testsuite> <!-- testRunner.TestRunner2 -->
