<?xml version="1.0" encoding="UTF-8"?>
<!-- Generated by org.testng.reporters.JUnitReportReporter -->
<testsuite hostname="PrashanthBhat" failures="0" tests="1" name="testRunner.TestRunner" time="0.172" errors="1" timestamp="2025-07-14T13:19:52 IST" skipped="0">
  <testcase classname="testRunner.TestRunner" name="runScenario" time="0.172">
    <error message="The step &#039;App apk&#039; and 7 other step(s) are undefined.
You can implement these steps using the snippet(s) below:

@Given(&quot;App apk&quot;)
public void app_apk() {
    // Write code here that turns the phrase above into concrete actions
    throw new io.cucumber.java.PendingException();
}
@When(&quot;user launch ApiDemo application&quot;)
public void user_launch_api_demo_application() {
    // Write code here that turns the phrase above into concrete actions
    throw new io.cucumber.java.PendingException();
}
@Then(&quot;All module in home page list need to display&quot;)
public void all_module_in_home_page_list_need_to_display() {
    // Write code here that turns the phrase above into concrete actions
    throw new io.cucumber.java.PendingException();
}
@Then(&quot;User click on Accessbility&quot;)
public void user_click_on_accessbility() {
    // Write code here that turns the phrase above into concrete actions
    throw new io.cucumber.java.PendingException();
}
@Then(&quot;{int} Module list need to display&quot;)
public void module_list_need_to_display(Integer int1) {
    // Write code here that turns the phrase above into concrete actions
    throw new io.cucumber.java.PendingException();
}
@Then(&quot;User click on Accessibility node check boxes page need to display&quot;)
public void user_click_on_accessibility_node_check_boxes_page_need_to_display() {
    // Write code here that turns the phrase above into concrete actions
    throw new io.cucumber.java.PendingException();
}
@Then(&quot;validate the enabled and disabled checkboxes&quot;)
public void validate_the_enabled_and_disabled_checkboxes() {
    // Write code here that turns the phrase above into concrete actions
    throw new io.cucumber.java.PendingException();
}
@Then(&quot;Select and unselect checboxes and mention its validation&quot;)
public void select_and_unselect_checboxes_and_mention_its_validation() {
    // Write code here that turns the phrase above into concrete actions
    throw new io.cucumber.java.PendingException();
}
" type="io.cucumber.testng.UndefinedStepException">
      <![CDATA[io.cucumber.testng.UndefinedStepException: The step 'App apk' and 7 other step(s) are undefined.
You can implement these steps using the snippet(s) below:

@Given("App apk")
public void app_apk() {
    // Write code here that turns the phrase above into concrete actions
    throw new io.cucumber.java.PendingException();
}
@When("user launch ApiDemo application")
public void user_launch_api_demo_application() {
    // Write code here that turns the phrase above into concrete actions
    throw new io.cucumber.java.PendingException();
}
@Then("All module in home page list need to display")
public void all_module_in_home_page_list_need_to_display() {
    // Write code here that turns the phrase above into concrete actions
    throw new io.cucumber.java.PendingException();
}
@Then("User click on Accessbility")
public void user_click_on_accessbility() {
    // Write code here that turns the phrase above into concrete actions
    throw new io.cucumber.java.PendingException();
}
@Then("{int} Module list need to display")
public void module_list_need_to_display(Integer int1) {
    // Write code here that turns the phrase above into concrete actions
    throw new io.cucumber.java.PendingException();
}
@Then("User click on Accessibility node check boxes page need to display")
public void user_click_on_accessibility_node_check_boxes_page_need_to_display() {
    // Write code here that turns the phrase above into concrete actions
    throw new io.cucumber.java.PendingException();
}
@Then("validate the enabled and disabled checkboxes")
public void validate_the_enabled_and_disabled_checkboxes() {
    // Write code here that turns the phrase above into concrete actions
    throw new io.cucumber.java.PendingException();
}
@Then("Select and unselect checboxes and mention its validation")
public void select_and_unselect_checboxes_and_mention_its_validation() {
    // Write code here that turns the phrase above into concrete actions
    throw new io.cucumber.java.PendingException();
}

at âœ½.App apk(file:///C:/Users/prade/Music/Appium%20Frameworks/ExcelCowork/./features/check_boxes.feature:4)
]]>
    </error>
  </testcase> <!-- runScenario -->
</testsuite> <!-- testRunner.TestRunner -->
