<?xml version="1.0" encoding="UTF-8"?>
<!-- Generated by org.testng.reporters.JUnitReportReporter -->
<testsuite hostname="PrashanthBhat" failures="0" tests="2" name="testRunner.TestRunner" time="49.592" errors="0" timestamp="2025-07-15T13:05:05 IST" skipped="0">
  <testcase classname="testRunner.TestRunner" name="runScenario" time="36.271"/>
  <testcase classname="testRunner.TestRunner" name="runScenario" time="13.321"/>
</testsuite> <!-- testRunner.TestRunner -->
