<?xml version="1.0" encoding="UTF-8"?>
<!-- Generated by org.testng.reporters.JUnitReportReporter -->
<testsuite hostname="PrashanthBhat" failures="0" tests="14" name="testRunner.SerialExecution" time="328.507" errors="5" timestamp="2025-07-17T19:21:44 IST" skipped="0">
  <testcase classname="testRunner.SerialExecution" name="runScenario" time="20.492"/>
  <testcase classname="testRunner.SerialExecution" name="runScenario" time="17.490"/>
  <testcase classname="testRunner.SerialExecution" name="runScenario" time="9.573"/>
  <testcase classname="testRunner.SerialExecution" name="runScenario" time="22.602">
    <error message="Can&#039;t locate an element by this strategy: By.chained({AppiumBy.androidUIAutomator: new UiSelector().className(&quot;android.widget.EditText&quot;).instance(0)})" type="org.openqa.selenium.NoSuchElementException">
      <![CDATA[org.openqa.selenium.NoSuchElementException: Can't locate an element by this strategy: By.chained({AppiumBy.androidUIAutomator: new UiSelector().className("android.widget.EditText").instance(0)})
at io.appium.java_client.pagefactory.AppiumElementLocator.findElement(AppiumElementLocator.java:166)
at io.appium.java_client.pagefactory.interceptors.InterceptorOfASingleElement.call(InterceptorOfASingleElement.java:74)
at io.appium.java_client.proxy.Interceptor.intercept(Interceptor.java:78)
at org.openqa.selenium.remote.RemoteWebElement$ByteBuddy$1XQT9n58.click(Unknown Source)
at pageObject.LoginPage_EC.Email(LoginPage_EC.java:34)
at stepDefinitions.common.CommonSteps.user_enters_valid_credentials(CommonSteps.java:58)
at ✽.User enters valid credentials(file:///C:/Users/prade/Music/Appium%20Frameworks/ExcelCowork/src/test/resources/features/3_LoginAndLogout_Scenario.feature:6)
Caused by: org.openqa.selenium.TimeoutException: Expected condition failed: waiting for io.appium.java_client.pagefactory.AppiumElementLocator$WaitingFunction@30bbcf91 (tried for 10 second(s) with 500 milliseconds interval)
at org.openqa.selenium.support.ui.FluentWait.timeoutException(FluentWait.java:265)
at org.openqa.selenium.support.ui.FluentWait.until(FluentWait.java:228)
at io.appium.java_client.pagefactory.AppiumElementLocator.waitFor(AppiumElementLocator.java:135)
at io.appium.java_client.pagefactory.AppiumElementLocator.findElement(AppiumElementLocator.java:160)
... 6 more
Caused by: org.openqa.selenium.NoSuchElementException: Cannot locate an element using By.chained({AppiumBy.androidUIAutomator: new UiSelector().className("android.widget.EditText").instance(0)})
For documentation on this error, please visit: https://www.selenium.dev/documentation/webdriver/troubleshooting/errors#no-such-element-exception
Build info: version: '4.34.0', revision: '707dcb4246*'
System info: os.name: 'Windows 11', os.arch: 'amd64', os.version: '10.0', java.version: '21.0.7'
Driver info: driver.version: RemoteWebDriver
at io.appium.java_client.pagefactory.bys.builder.ByChained.findElement(ByChained.java:74)
at org.openqa.selenium.remote.ElementLocation$ElementFinder$1.findElement(ElementLocation.java:139)
at org.openqa.selenium.remote.ElementLocation.findElement(ElementLocation.java:81)
at org.openqa.selenium.remote.RemoteWebDriver.findElement(RemoteWebDriver.java:367)
at org.openqa.selenium.remote.RemoteWebDriver.findElement(RemoteWebDriver.java:361)
at io.appium.java_client.pagefactory.bys.ContentMappedBy.findElement(ContentMappedBy.java:54)
at org.openqa.selenium.remote.ElementLocation$ElementFinder$1.findElement(ElementLocation.java:139)
at org.openqa.selenium.remote.ElementLocation.findElement(ElementLocation.java:81)
at org.openqa.selenium.remote.RemoteWebDriver.findElement(RemoteWebDriver.java:367)
at org.openqa.selenium.remote.RemoteWebDriver.findElement(RemoteWebDriver.java:361)
at io.appium.java_client.pagefactory.AppiumElementLocator.lambda$findElement$1(AppiumElementLocator.java:160)
at io.appium.java_client.pagefactory.AppiumElementLocator$WaitingFunction.apply(AppiumElementLocator.java:217)
at io.appium.java_client.pagefactory.AppiumElementLocator$WaitingFunction.apply(AppiumElementLocator.java:210)
at org.openqa.selenium.support.ui.FluentWait.until(FluentWait.java:203)
... 8 more
]]>
    </error>
  </testcase> <!-- runScenario -->
  <testcase classname="testRunner.SerialExecution" name="runScenario" time="43.708">
    <error message="Can&#039;t locate an element by this strategy: By.chained({AppiumBy.androidUIAutomator: new UiSelector().text(&quot;Pradeep bhat&quot;)})" type="org.openqa.selenium.NoSuchElementException">
      <![CDATA[org.openqa.selenium.NoSuchElementException: Can't locate an element by this strategy: By.chained({AppiumBy.androidUIAutomator: new UiSelector().text("Pradeep bhat")})
at io.appium.java_client.pagefactory.AppiumElementLocator.findElement(AppiumElementLocator.java:166)
at io.appium.java_client.pagefactory.interceptors.InterceptorOfASingleElement.call(InterceptorOfASingleElement.java:74)
at io.appium.java_client.proxy.Interceptor.intercept(Interceptor.java:78)
at org.openqa.selenium.remote.RemoteWebElement$ByteBuddy$AqcsrAIg.click(Unknown Source)
at pageObject.MyprofilePage.ClearOldName(MyprofilePage.java:43)
at stepDefinitions.TC_6_ProfileDataUpdate.clear_name_field(TC_6_ProfileDataUpdate.java:27)
at ✽.Clear name field(file:///C:/Users/prade/Music/Appium%20Frameworks/ExcelCowork/src/test/resources/features/4_Personal_info_Scenarios.feature:25)
Caused by: org.openqa.selenium.TimeoutException: Expected condition failed: waiting for io.appium.java_client.pagefactory.AppiumElementLocator$WaitingFunction@c5e69a5 (tried for 10 second(s) with 500 milliseconds interval)
at org.openqa.selenium.support.ui.FluentWait.timeoutException(FluentWait.java:265)
at org.openqa.selenium.support.ui.FluentWait.until(FluentWait.java:228)
at io.appium.java_client.pagefactory.AppiumElementLocator.waitFor(AppiumElementLocator.java:135)
at io.appium.java_client.pagefactory.AppiumElementLocator.findElement(AppiumElementLocator.java:160)
... 6 more
Caused by: org.openqa.selenium.NoSuchElementException: Cannot locate an element using By.chained({AppiumBy.androidUIAutomator: new UiSelector().text("Pradeep bhat")})
For documentation on this error, please visit: https://www.selenium.dev/documentation/webdriver/troubleshooting/errors#no-such-element-exception
Build info: version: '4.34.0', revision: '707dcb4246*'
System info: os.name: 'Windows 11', os.arch: 'amd64', os.version: '10.0', java.version: '21.0.7'
Driver info: driver.version: RemoteWebDriver
at io.appium.java_client.pagefactory.bys.builder.ByChained.findElement(ByChained.java:74)
at org.openqa.selenium.remote.ElementLocation$ElementFinder$1.findElement(ElementLocation.java:139)
at org.openqa.selenium.remote.ElementLocation.findElement(ElementLocation.java:59)
at org.openqa.selenium.remote.RemoteWebDriver.findElement(RemoteWebDriver.java:367)
at org.openqa.selenium.remote.RemoteWebDriver.findElement(RemoteWebDriver.java:361)
at io.appium.java_client.pagefactory.bys.ContentMappedBy.findElement(ContentMappedBy.java:54)
at org.openqa.selenium.remote.ElementLocation$ElementFinder$1.findElement(ElementLocation.java:139)
at org.openqa.selenium.remote.ElementLocation.findElement(ElementLocation.java:59)
at org.openqa.selenium.remote.RemoteWebDriver.findElement(RemoteWebDriver.java:367)
at org.openqa.selenium.remote.RemoteWebDriver.findElement(RemoteWebDriver.java:361)
at io.appium.java_client.pagefactory.AppiumElementLocator.lambda$findElement$1(AppiumElementLocator.java:160)
at io.appium.java_client.pagefactory.AppiumElementLocator$WaitingFunction.apply(AppiumElementLocator.java:217)
at io.appium.java_client.pagefactory.AppiumElementLocator$WaitingFunction.apply(AppiumElementLocator.java:210)
at org.openqa.selenium.support.ui.FluentWait.until(FluentWait.java:203)
... 8 more
]]>
    </error>
  </testcase> <!-- runScenario -->
  <testcase classname="testRunner.SerialExecution" name="runScenario" time="15.618"/>
  <testcase classname="testRunner.SerialExecution" name="runScenario" time="32.158">
    <error message="An element could not be located on the page using the given search parameters.
For documentation on this error, please visit: https://www.selenium.dev/documentation/webdriver/troubleshooting/errors#no-such-element-exception
Build info: version: &#039;4.34.0&#039;, revision: &#039;707dcb4246*&#039;
System info: os.name: &#039;Windows 11&#039;, os.arch: &#039;amd64&#039;, os.version: &#039;10.0&#039;, java.version: &#039;21.0.7&#039;
Driver info: io.appium.java_client.android.AndroidDriver
Command: [0823bca2-811b-408f-9427-6302da00e23c, findElement {value=//android.widget.TextView[@resource-id=&quot;android:id/big_text&quot;], using=xpath}]
Capabilities {appium:app: C:\Users\prade\Music\Appium..., appium:appActivity: com.excelcoworks.excelcowor..., appium:appPackage: com.excel.coworks, appium:automationName: UiAutomator2, appium:databaseEnabled: false, appium:desired: {app: C:\Users\prade\Music\Appium..., automationName: UiAutomator2, deviceName: Phone121, fullReset: false, newCommandTimeout: 30, platformName: ANDROID, udid: emulator-5554}, appium:deviceApiLevel: 36, appium:deviceManufacturer: Google, appium:deviceModel: sdk_gphone64_x86_64, appium:deviceName: emulator-5554, appium:deviceScreenDensity: 440, appium:deviceScreenSize: 1080x2160, appium:deviceUDID: emulator-5554, appium:fullReset: false, appium:javascriptEnabled: true, appium:locationContextEnabled: false, appium:networkConnectionEnabled: true, appium:newCommandTimeout: 30, appium:pixelRatio: 2.75, appium:platformVersion: 16, appium:statBarHeight: 66, appium:takesScreenshot: true, appium:udid: emulator-5554, appium:viewportRect: {height: 2094, left: 0, top: 66, width: 1080}, appium:warnings: {}, appium:webStorageEnabled: false, platformName: ANDROID}
Session ID: 0823bca2-811b-408f-9427-6302da00e23c" type="org.openqa.selenium.NoSuchElementException">
      <![CDATA[org.openqa.selenium.NoSuchElementException: An element could not be located on the page using the given search parameters.
For documentation on this error, please visit: https://www.selenium.dev/documentation/webdriver/troubleshooting/errors#no-such-element-exception
Build info: version: '4.34.0', revision: '707dcb4246*'
System info: os.name: 'Windows 11', os.arch: 'amd64', os.version: '10.0', java.version: '21.0.7'
Driver info: io.appium.java_client.android.AndroidDriver
Command: [0823bca2-811b-408f-9427-6302da00e23c, findElement {value=//android.widget.TextView[@resource-id="android:id/big_text"], using=xpath}]
Capabilities {appium:app: C:\Users\prade\Music\Appium..., appium:appActivity: com.excelcoworks.excelcowor..., appium:appPackage: com.excel.coworks, appium:automationName: UiAutomator2, appium:databaseEnabled: false, appium:desired: {app: C:\Users\prade\Music\Appium..., automationName: UiAutomator2, deviceName: Phone121, fullReset: false, newCommandTimeout: 30, platformName: ANDROID, udid: emulator-5554}, appium:deviceApiLevel: 36, appium:deviceManufacturer: Google, appium:deviceModel: sdk_gphone64_x86_64, appium:deviceName: emulator-5554, appium:deviceScreenDensity: 440, appium:deviceScreenSize: 1080x2160, appium:deviceUDID: emulator-5554, appium:fullReset: false, appium:javascriptEnabled: true, appium:locationContextEnabled: false, appium:networkConnectionEnabled: true, appium:newCommandTimeout: 30, appium:pixelRatio: 2.75, appium:platformVersion: 16, appium:statBarHeight: 66, appium:takesScreenshot: true, appium:udid: emulator-5554, appium:viewportRect: {height: 2094, left: 0, top: 66, width: 1080}, appium:warnings: {}, appium:webStorageEnabled: false, platformName: ANDROID}
Session ID: 0823bca2-811b-408f-9427-6302da00e23c
at java.base/jdk.internal.reflect.DirectConstructorHandleAccessor.newInstance(DirectConstructorHandleAccessor.java:62)
at java.base/java.lang.reflect.Constructor.newInstanceWithCaller(Constructor.java:502)
at java.base/java.lang.reflect.Constructor.newInstance(Constructor.java:486)
at org.openqa.selenium.remote.ErrorCodec.decode(ErrorCodec.java:167)
at org.openqa.selenium.remote.codec.w3c.W3CHttpResponseCodec.decode(W3CHttpResponseCodec.java:138)
at org.openqa.selenium.remote.codec.w3c.W3CHttpResponseCodec.decode(W3CHttpResponseCodec.java:50)
at org.openqa.selenium.remote.HttpCommandExecutor.execute(HttpCommandExecutor.java:215)
at io.appium.java_client.remote.AppiumCommandExecutor.execute(AppiumCommandExecutor.java:244)
at org.openqa.selenium.remote.RemoteWebDriver.execute(RemoteWebDriver.java:544)
at org.openqa.selenium.remote.ElementLocation$ElementFinder$2.findElement(ElementLocation.java:165)
at org.openqa.selenium.remote.ElementLocation.findElement(ElementLocation.java:59)
at org.openqa.selenium.remote.RemoteWebDriver.findElement(RemoteWebDriver.java:367)
at org.openqa.selenium.remote.RemoteWebDriver.findElement(RemoteWebDriver.java:361)
at Utils.Notification.verify_the_notification(Notification.java:15)
at stepDefinitions.TC_4__ForgotPassword1.verify_the_notification(TC_4__ForgotPassword1.java:64)
at ✽.verify the notification(file:///C:/Users/prade/Music/Appium%20Frameworks/ExcelCowork/src/test/resources/features/trip.feature:9)
]]>
    </error>
  </testcase> <!-- runScenario -->
  <testcase classname="testRunner.SerialExecution" name="runScenario" time="14.187"/>
  <testcase classname="testRunner.SerialExecution" name="runScenario" time="9.522"/>
  <testcase classname="testRunner.SerialExecution" name="runScenario" time="31.518">
    <error message="An element could not be located on the page using the given search parameters.
For documentation on this error, please visit: https://www.selenium.dev/documentation/webdriver/troubleshooting/errors#no-such-element-exception
Build info: version: &#039;4.34.0&#039;, revision: &#039;707dcb4246*&#039;
System info: os.name: &#039;Windows 11&#039;, os.arch: &#039;amd64&#039;, os.version: &#039;10.0&#039;, java.version: &#039;21.0.7&#039;
Driver info: io.appium.java_client.android.AndroidDriver
Command: [8875851e-fd7b-48da-8643-edb6a595f98a, findElement {value=//android.widget.TextView[@resource-id=&quot;android:id/big_text&quot;], using=xpath}]
Capabilities {appium:app: C:\Users\prade\Music\Appium..., appium:appActivity: com.excelcoworks.excelcowor..., appium:appPackage: com.excel.coworks, appium:automationName: UiAutomator2, appium:databaseEnabled: false, appium:desired: {app: C:\Users\prade\Music\Appium..., automationName: UiAutomator2, deviceName: Phone121, fullReset: false, newCommandTimeout: 30, platformName: ANDROID, udid: emulator-5554}, appium:deviceApiLevel: 36, appium:deviceManufacturer: Google, appium:deviceModel: sdk_gphone64_x86_64, appium:deviceName: emulator-5554, appium:deviceScreenDensity: 440, appium:deviceScreenSize: 1080x2160, appium:deviceUDID: emulator-5554, appium:fullReset: false, appium:javascriptEnabled: true, appium:locationContextEnabled: false, appium:networkConnectionEnabled: true, appium:newCommandTimeout: 30, appium:pixelRatio: 2.75, appium:platformVersion: 16, appium:statBarHeight: 66, appium:takesScreenshot: true, appium:udid: emulator-5554, appium:viewportRect: {height: 2094, left: 0, top: 66, width: 1080}, appium:warnings: {}, appium:webStorageEnabled: false, platformName: ANDROID}
Session ID: 8875851e-fd7b-48da-8643-edb6a595f98a" type="org.openqa.selenium.NoSuchElementException">
      <![CDATA[org.openqa.selenium.NoSuchElementException: An element could not be located on the page using the given search parameters.
For documentation on this error, please visit: https://www.selenium.dev/documentation/webdriver/troubleshooting/errors#no-such-element-exception
Build info: version: '4.34.0', revision: '707dcb4246*'
System info: os.name: 'Windows 11', os.arch: 'amd64', os.version: '10.0', java.version: '21.0.7'
Driver info: io.appium.java_client.android.AndroidDriver
Command: [8875851e-fd7b-48da-8643-edb6a595f98a, findElement {value=//android.widget.TextView[@resource-id="android:id/big_text"], using=xpath}]
Capabilities {appium:app: C:\Users\prade\Music\Appium..., appium:appActivity: com.excelcoworks.excelcowor..., appium:appPackage: com.excel.coworks, appium:automationName: UiAutomator2, appium:databaseEnabled: false, appium:desired: {app: C:\Users\prade\Music\Appium..., automationName: UiAutomator2, deviceName: Phone121, fullReset: false, newCommandTimeout: 30, platformName: ANDROID, udid: emulator-5554}, appium:deviceApiLevel: 36, appium:deviceManufacturer: Google, appium:deviceModel: sdk_gphone64_x86_64, appium:deviceName: emulator-5554, appium:deviceScreenDensity: 440, appium:deviceScreenSize: 1080x2160, appium:deviceUDID: emulator-5554, appium:fullReset: false, appium:javascriptEnabled: true, appium:locationContextEnabled: false, appium:networkConnectionEnabled: true, appium:newCommandTimeout: 30, appium:pixelRatio: 2.75, appium:platformVersion: 16, appium:statBarHeight: 66, appium:takesScreenshot: true, appium:udid: emulator-5554, appium:viewportRect: {height: 2094, left: 0, top: 66, width: 1080}, appium:warnings: {}, appium:webStorageEnabled: false, platformName: ANDROID}
Session ID: 8875851e-fd7b-48da-8643-edb6a595f98a
at java.base/jdk.internal.reflect.DirectConstructorHandleAccessor.newInstance(DirectConstructorHandleAccessor.java:62)
at java.base/java.lang.reflect.Constructor.newInstanceWithCaller(Constructor.java:502)
at java.base/java.lang.reflect.Constructor.newInstance(Constructor.java:486)
at org.openqa.selenium.remote.ErrorCodec.decode(ErrorCodec.java:167)
at org.openqa.selenium.remote.codec.w3c.W3CHttpResponseCodec.decode(W3CHttpResponseCodec.java:138)
at org.openqa.selenium.remote.codec.w3c.W3CHttpResponseCodec.decode(W3CHttpResponseCodec.java:50)
at org.openqa.selenium.remote.HttpCommandExecutor.execute(HttpCommandExecutor.java:215)
at io.appium.java_client.remote.AppiumCommandExecutor.execute(AppiumCommandExecutor.java:244)
at org.openqa.selenium.remote.RemoteWebDriver.execute(RemoteWebDriver.java:544)
at org.openqa.selenium.remote.ElementLocation$ElementFinder$2.findElement(ElementLocation.java:165)
at org.openqa.selenium.remote.ElementLocation.findElement(ElementLocation.java:59)
at org.openqa.selenium.remote.RemoteWebDriver.findElement(RemoteWebDriver.java:367)
at org.openqa.selenium.remote.RemoteWebDriver.findElement(RemoteWebDriver.java:361)
at Utils.Notification.verify_the_notification(Notification.java:15)
at stepDefinitions.TC_4__ForgotPassword1.verify_the_notification(TC_4__ForgotPassword1.java:64)
at ✽.verify the notification(file:///C:/Users/prade/Music/Appium%20Frameworks/ExcelCowork/src/test/resources/features/2_ForgotPassword_Scenario.feature:15)
]]>
    </error>
  </testcase> <!-- runScenario -->
  <testcase classname="testRunner.SerialExecution" name="runScenario" time="9.607"/>
  <testcase classname="testRunner.SerialExecution" name="runScenario" time="28.773"/>
  <testcase classname="testRunner.SerialExecution" name="runScenario" time="61.740">
    <error message="Expected condition failed: waiting for presence of element located by: AppiumBy.accessibilityId: Logout successful (tried for 5 second(s) with 500 milliseconds interval)" type="org.openqa.selenium.TimeoutException">
      <![CDATA[org.openqa.selenium.TimeoutException: Expected condition failed: waiting for presence of element located by: AppiumBy.accessibilityId: Logout successful (tried for 5 second(s) with 500 milliseconds interval)
at org.openqa.selenium.support.ui.WebDriverWait.timeoutException(WebDriverWait.java:84)
at org.openqa.selenium.support.ui.FluentWait.until(FluentWait.java:228)
at Utils.ToastMessages.VerifyToast(ToastMessages.java:18)
at stepDefinitions.TC_2_Login_and_Logout.verify_the_toast_message_displayed(TC_2_Login_and_Logout.java:38)
at ✽.Verify the toast message displayed(file:///C:/Users/prade/Music/Appium%20Frameworks/ExcelCowork/src/test/resources/features/3_LoginAndLogout_Scenario.feature:17)
Caused by: org.openqa.selenium.NoSuchElementException: An element could not be located on the page using the given search parameters.
For documentation on this error, please visit: https://www.selenium.dev/documentation/webdriver/troubleshooting/errors#no-such-element-exception
Build info: version: '4.34.0', revision: '707dcb4246*'
System info: os.name: 'Windows 11', os.arch: 'amd64', os.version: '10.0', java.version: '21.0.7'
Driver info: io.appium.java_client.android.AndroidDriver
Command: [415f6212-5bcc-4bc5-90a8-aee34c402801, findElement {value=Logout successful, using=accessibility id}]
Capabilities {appium:app: C:\Users\prade\Music\Appium..., appium:appActivity: com.excelcoworks.excelcowor..., appium:appPackage: com.excel.coworks, appium:automationName: UiAutomator2, appium:databaseEnabled: false, appium:desired: {app: C:\Users\prade\Music\Appium..., automationName: UiAutomator2, deviceName: Phone121, fullReset: false, newCommandTimeout: 30, platformName: ANDROID, udid: emulator-5554}, appium:deviceApiLevel: 36, appium:deviceManufacturer: Google, appium:deviceModel: sdk_gphone64_x86_64, appium:deviceName: emulator-5554, appium:deviceScreenDensity: 440, appium:deviceScreenSize: 1080x2160, appium:deviceUDID: emulator-5554, appium:fullReset: false, appium:javascriptEnabled: true, appium:locationContextEnabled: false, appium:networkConnectionEnabled: true, appium:newCommandTimeout: 30, appium:pixelRatio: 2.75, appium:platformVersion: 16, appium:statBarHeight: 66, appium:takesScreenshot: true, appium:udid: emulator-5554, appium:viewportRect: {height: 2094, left: 0, top: 66, width: 1080}, appium:warnings: {}, appium:webStorageEnabled: false, platformName: ANDROID}
Session ID: 415f6212-5bcc-4bc5-90a8-aee34c402801
at java.base/jdk.internal.reflect.DirectConstructorHandleAccessor.newInstance(DirectConstructorHandleAccessor.java:62)
at java.base/java.lang.reflect.Constructor.newInstanceWithCaller(Constructor.java:502)
at java.base/java.lang.reflect.Constructor.newInstance(Constructor.java:486)
at org.openqa.selenium.remote.ErrorCodec.decode(ErrorCodec.java:167)
at org.openqa.selenium.remote.codec.w3c.W3CHttpResponseCodec.decode(W3CHttpResponseCodec.java:138)
at org.openqa.selenium.remote.codec.w3c.W3CHttpResponseCodec.decode(W3CHttpResponseCodec.java:50)
at org.openqa.selenium.remote.HttpCommandExecutor.execute(HttpCommandExecutor.java:215)
at io.appium.java_client.remote.AppiumCommandExecutor.execute(AppiumCommandExecutor.java:244)
at org.openqa.selenium.remote.RemoteWebDriver.execute(RemoteWebDriver.java:544)
at org.openqa.selenium.remote.ElementLocation$ElementFinder$2.findElement(ElementLocation.java:165)
at org.openqa.selenium.remote.ElementLocation.findElement(ElementLocation.java:66)
at org.openqa.selenium.remote.RemoteWebDriver.findElement(RemoteWebDriver.java:367)
at org.openqa.selenium.remote.RemoteWebDriver.findElement(RemoteWebDriver.java:361)
at org.openqa.selenium.support.ui.ExpectedConditions$6.apply(ExpectedConditions.java:171)
at org.openqa.selenium.support.ui.ExpectedConditions$6.apply(ExpectedConditions.java:168)
at org.openqa.selenium.support.ui.FluentWait.until(FluentWait.java:203)
... 3 more
]]>
    </error>
  </testcase> <!-- runScenario -->
  <testcase classname="testRunner.SerialExecution" name="runScenario" time="11.519"/>
</testsuite> <!-- testRunner.SerialExecution -->
