<?xml version="1.0" encoding="UTF-8"?>
<!-- Generated by org.testng.reporters.JUnitReportReporter -->
<testsuite hostname="PrashanthBhat" failures="0" tests="2" name="testRunner.TestRunner2" time="24.712" errors="0" timestamp="2025-07-17T16:35:44 IST" skipped="0">
  <testcase classname="testRunner.TestRunner2" name="runScenario" time="12.872"/>
  <testcase classname="testRunner.TestRunner2" name="runScenario" time="11.840"/>
</testsuite> <!-- testRunner.TestRunner2 -->
